[08Apr2025 00:20:56.704] [Server thread/INFO] [net.minecraft.world.entity.npc.Villager/]: Villager Villager['Librarian'/15599, l='ServerLevel[world]', x=1275.50, y=69.00, z=-1199.50] died, message: 'Librarian went up in flames'
[08Apr2025 00:27:20.096] [Server thread/INFO] [net.minecraft.server.MinecraftServer/]: [DavidCh01: Set own game mode to Creative Mode]
[08Apr2025 00:27:30.296] [Server thread/INFO] [net.minecraft.server.MinecraftServer/]: [DavidCh01: Set own game mode to Survival Mode]
[08Apr2025 00:27:48.669] [Server thread/INFO] [net.minecraft.server.MinecraftServer/]: [DavidCh01: Set own game mode to Creative Mode]
[08Apr2025 00:27:56.564] [Server thread/INFO] [net.minecraft.server.MinecraftServer/]: [DavidCh01: Set own game mode to Survival Mode]
[08Apr2025 00:28:30.498] [Server thread/INFO] [net.minecraft.world.entity.npc.Villager/]: Villager Villager['Librarian'/16597, l='ServerLevel[world]', x=1275.50, y=69.00, z=-1199.50] died, message: 'Librarian went up in flames'
[08Apr2025 00:30:11.854] [Server thread/INFO] [net.minecraft.server.MinecraftServer/]: [DavidCh01: Set own game mode to Spectator Mode]
[08Apr2025 00:30:23.818] [Server thread/INFO] [net.minecraft.server.MinecraftServer/]: [DavidCh01: Set own game mode to Survival Mode]
[08Apr2025 00:30:50.748] [Server thread/INFO] [net.minecraft.server.MinecraftServer/]: DavidCh01 has made the advancement [Combat 3]
[08Apr2025 00:31:33.293] [Server thread/INFO] [net.minecraft.server.MinecraftServer/]: DavidCh01 was slain by Minotaurus
[08Apr2025 00:31:39.281] [Server thread/WARN] [net.minecraft.world.level.entity.PersistentEntitySectionManager/]: UUID of added entity already exists: EntityDragonPart['Dragon Part'/17480, l='ServerLevel[world]', x=1166.79, y=-0.19, z=-1118.90]
[08Apr2025 00:31:39.297] [Server thread/WARN] [net.minecraft.world.level.entity.PersistentEntitySectionManager/]: UUID of added entity already exists: EntityDragonPart['Dragon Part'/17480, l='ServerLevel[world]', x=1166.79, y=-0.19, z=-1118.90]
[08Apr2025 00:31:39.312] [Server thread/WARN] [net.minecraft.world.level.entity.PersistentEntitySectionManager/]: UUID of added entity already exists: EntityDragonPart['Dragon Part'/17480, l='ServerLevel[world]', x=1166.79, y=-0.19, z=-1118.90]
[08Apr2025 00:31:39.326] [Server thread/WARN] [net.minecraft.world.level.entity.PersistentEntitySectionManager/]: UUID of added entity already exists: EntityDragonPart['Dragon Part'/17480, l='ServerLevel[world]', x=1166.79, y=-0.19, z=-1118.90]
[08Apr2025 00:31:39.345] [Server thread/WARN] [net.minecraft.world.level.entity.PersistentEntitySectionManager/]: UUID of added entity already exists: EntityDragonPart['Dragon Part'/17480, l='ServerLevel[world]', x=1166.79, y=-0.19, z=-1118.90]
[08Apr2025 00:31:39.361] [Server thread/WARN] [net.minecraft.world.level.entity.PersistentEntitySectionManager/]: UUID of added entity already exists: EntityDragonPart['Dragon Part'/17480, l='ServerLevel[world]', x=1166.79, y=-0.19, z=-1118.90]
[08Apr2025 00:31:39.376] [Server thread/WARN] [net.minecraft.world.level.entity.PersistentEntitySectionManager/]: UUID of added entity already exists: EntityDragonPart['Dragon Part'/17480, l='ServerLevel[world]', x=1166.79, y=-0.19, z=-1118.90]
[08Apr2025 00:31:39.390] [Server thread/WARN] [net.minecraft.world.level.entity.PersistentEntitySectionManager/]: UUID of added entity already exists: EntityDragonPart['Dragon Part'/17480, l='ServerLevel[world]', x=1166.79, y=-0.19, z=-1118.90]
[08Apr2025 00:31:39.410] [Server thread/WARN] [net.minecraft.world.level.entity.PersistentEntitySectionManager/]: UUID of added entity already exists: EntityDragonPart['Dragon Part'/17480, l='ServerLevel[world]', x=1166.79, y=-0.19, z=-1118.90]
[08Apr2025 00:31:39.442] [Server thread/WARN] [net.minecraft.world.level.entity.PersistentEntitySectionManager/]: UUID of added entity already exists: EntityDragonPart['Dragon Part'/17480, l='ServerLevel[world]', x=1166.79, y=-0.19, z=-1118.90]
[08Apr2025 00:31:39.471] [Server thread/WARN] [net.minecraft.world.level.entity.PersistentEntitySectionManager/]: UUID of added entity already exists: EntityDragonPart['Dragon Part'/17480, l='ServerLevel[world]', x=1166.79, y=-0.19, z=-1118.90]
[08Apr2025 00:31:39.489] [Server thread/WARN] [net.minecraft.world.level.entity.PersistentEntitySectionManager/]: UUID of added entity already exists: EntityDragonPart['Dragon Part'/17480, l='ServerLevel[world]', x=1166.79, y=-0.19, z=-1118.90]
[08Apr2025 00:31:39.507] [Server thread/WARN] [net.minecraft.world.level.entity.PersistentEntitySectionManager/]: UUID of added entity already exists: EntityDragonPart['Dragon Part'/17480, l='ServerLevel[world]', x=1166.79, y=-0.19, z=-1118.90]
[08Apr2025 00:31:39.712] [Server thread/WARN] [net.minecraft.world.level.entity.PersistentEntitySectionManager/]: UUID of added entity already exists: EntityDragonPart['Dragon Part'/17480, l='ServerLevel[world]', x=1166.79, y=-0.19, z=-1118.90]
[08Apr2025 00:31:39.817] [Server thread/WARN] [net.minecraft.world.level.entity.PersistentEntitySectionManager/]: UUID of added entity already exists: EntityDragonPart['Dragon Part'/17480, l='ServerLevel[world]', x=1166.79, y=-0.19, z=-1118.90]
[08Apr2025 00:31:40.156] [Server thread/WARN] [net.minecraft.world.level.entity.PersistentEntitySectionManager/]: UUID of added entity already exists: EntityDragonPart['Dragon Part'/17480, l='ServerLevel[world]', x=1166.79, y=-0.19, z=-1118.90]
[08Apr2025 00:31:40.276] [Server thread/WARN] [net.minecraft.world.level.entity.PersistentEntitySectionManager/]: UUID of added entity already exists: EntityDragonPart['Dragon Part'/17480, l='ServerLevel[world]', x=1166.79, y=-0.19, z=-1118.90]
[08Apr2025 00:31:40.361] [Server thread/WARN] [net.minecraft.world.level.entity.PersistentEntitySectionManager/]: UUID of added entity already exists: EntityDragonPart['Dragon Part'/17480, l='ServerLevel[world]', x=1166.79, y=-0.19, z=-1118.90]
[08Apr2025 00:31:40.428] [Server thread/WARN] [net.minecraft.world.level.entity.PersistentEntitySectionManager/]: UUID of added entity already exists: EntityDragonPart['Dragon Part'/17480, l='ServerLevel[world]', x=1166.79, y=-0.19, z=-1118.90]
[08Apr2025 00:31:40.494] [Server thread/WARN] [net.minecraft.world.level.entity.PersistentEntitySectionManager/]: UUID of added entity already exists: EntityDragonPart['Dragon Part'/17480, l='ServerLevel[world]', x=1166.79, y=-0.19, z=-1118.90]
[08Apr2025 00:31:40.559] [Server thread/WARN] [net.minecraft.world.level.entity.PersistentEntitySectionManager/]: UUID of added entity already exists: EntityDragonPart['Dragon Part'/17480, l='ServerLevel[world]', x=1166.79, y=-0.19, z=-1118.90]
[08Apr2025 00:31:40.627] [Server thread/WARN] [net.minecraft.world.level.entity.PersistentEntitySectionManager/]: UUID of added entity already exists: EntityDragonPart['Dragon Part'/17480, l='ServerLevel[world]', x=1166.79, y=-0.19, z=-1118.90]
[08Apr2025 00:31:40.708] [Server thread/WARN] [net.minecraft.world.level.entity.PersistentEntitySectionManager/]: UUID of added entity already exists: EntityDragonPart['Dragon Part'/17480, l='ServerLevel[world]', x=1166.79, y=-0.19, z=-1118.90]
[08Apr2025 00:31:40.786] [Server thread/WARN] [net.minecraft.world.level.entity.PersistentEntitySectionManager/]: UUID of added entity already exists: EntityDragonPart['Dragon Part'/17480, l='ServerLevel[world]', x=1166.79, y=-0.19, z=-1118.90]
[08Apr2025 00:31:40.865] [Server thread/WARN] [net.minecraft.world.level.entity.PersistentEntitySectionManager/]: UUID of added entity already exists: EntityDragonPart['Dragon Part'/17480, l='ServerLevel[world]', x=1166.79, y=-0.19, z=-1118.90]
[08Apr2025 00:31:40.900] [Server thread/WARN] [net.minecraft.world.level.entity.PersistentEntitySectionManager/]: UUID of added entity already exists: EntityDragonPart['Dragon Part'/17480, l='ServerLevel[world]', x=1166.79, y=-0.19, z=-1118.90]
[08Apr2025 00:31:40.920] [Server thread/WARN] [net.minecraft.world.level.entity.PersistentEntitySectionManager/]: UUID of added entity already exists: EntityDragonPart['Dragon Part'/17480, l='ServerLevel[world]', x=1166.79, y=-0.19, z=-1118.90]
[08Apr2025 00:31:40.950] [Server thread/WARN] [net.minecraft.world.level.entity.PersistentEntitySectionManager/]: UUID of added entity already exists: EntityDragonPart['Dragon Part'/17480, l='ServerLevel[world]', x=1166.79, y=-0.19, z=-1118.90]
[08Apr2025 00:31:40.968] [Server thread/WARN] [net.minecraft.world.level.entity.PersistentEntitySectionManager/]: UUID of added entity already exists: EntityDragonPart['Dragon Part'/17480, l='ServerLevel[world]', x=1166.79, y=-0.19, z=-1118.90]
[08Apr2025 00:31:40.984] [Server thread/WARN] [net.minecraft.world.level.entity.PersistentEntitySectionManager/]: UUID of added entity already exists: EntityDragonPart['Dragon Part'/17480, l='ServerLevel[world]', x=1166.79, y=-0.19, z=-1118.90]
[08Apr2025 00:31:40.999] [Server thread/WARN] [net.minecraft.world.level.entity.PersistentEntitySectionManager/]: UUID of added entity already exists: EntityDragonPart['Dragon Part'/17480, l='ServerLevel[world]', x=1166.79, y=-0.19, z=-1118.90]
[08Apr2025 00:31:41.018] [Server thread/WARN] [net.minecraft.world.level.entity.PersistentEntitySectionManager/]: UUID of added entity already exists: EntityDragonPart['Dragon Part'/17480, l='ServerLevel[world]', x=1166.79, y=-0.19, z=-1118.90]
[08Apr2025 00:31:41.049] [Server thread/WARN] [net.minecraft.world.level.entity.PersistentEntitySectionManager/]: UUID of added entity already exists: EntityDragonPart['Dragon Part'/17480, l='ServerLevel[world]', x=1166.79, y=-0.19, z=-1118.90]
[08Apr2025 00:31:41.065] [Server thread/WARN] [net.minecraft.world.level.entity.PersistentEntitySectionManager/]: UUID of added entity already exists: EntityDragonPart['Dragon Part'/17480, l='ServerLevel[world]', x=1166.79, y=-0.19, z=-1118.90]
[08Apr2025 00:31:41.082] [Server thread/WARN] [net.minecraft.world.level.entity.PersistentEntitySectionManager/]: UUID of added entity already exists: EntityDragonPart['Dragon Part'/17480, l='ServerLevel[world]', x=1166.79, y=-0.19, z=-1118.90]
[08Apr2025 00:31:41.171] [Server thread/WARN] [net.minecraft.world.level.entity.PersistentEntitySectionManager/]: UUID of added entity already exists: EntityDragonPart['Dragon Part'/17480, l='ServerLevel[world]', x=1166.79, y=-0.19, z=-1118.90]
[08Apr2025 00:31:41.196] [Server thread/WARN] [net.minecraft.world.level.entity.PersistentEntitySectionManager/]: UUID of added entity already exists: EntityDragonPart['Dragon Part'/17480, l='ServerLevel[world]', x=1166.79, y=-0.19, z=-1118.90]
[08Apr2025 00:31:41.213] [Server thread/WARN] [net.minecraft.world.level.entity.PersistentEntitySectionManager/]: UUID of added entity already exists: EntityDragonPart['Dragon Part'/17480, l='ServerLevel[world]', x=1166.79, y=-0.19, z=-1118.90]
[08Apr2025 00:31:41.228] [Server thread/WARN] [net.minecraft.world.level.entity.PersistentEntitySectionManager/]: UUID of added entity already exists: EntityDragonPart['Dragon Part'/17480, l='ServerLevel[world]', x=1166.79, y=-0.19, z=-1118.90]
[08Apr2025 00:31:41.244] [Server thread/WARN] [net.minecraft.world.level.entity.PersistentEntitySectionManager/]: UUID of added entity already exists: EntityDragonPart['Dragon Part'/17480, l='ServerLevel[world]', x=1166.79, y=-0.19, z=-1118.90]
[08Apr2025 00:31:41.259] [Server thread/WARN] [net.minecraft.world.level.entity.PersistentEntitySectionManager/]: UUID of added entity already exists: EntityDragonPart['Dragon Part'/17480, l='ServerLevel[world]', x=1166.79, y=-0.19, z=-1118.90]
[08Apr2025 00:31:41.276] [Server thread/WARN] [net.minecraft.world.level.entity.PersistentEntitySectionManager/]: UUID of added entity already exists: EntityDragonPart['Dragon Part'/17480, l='ServerLevel[world]', x=1166.79, y=-0.19, z=-1118.90]
[08Apr2025 00:31:41.296] [Server thread/WARN] [net.minecraft.world.level.entity.PersistentEntitySectionManager/]: UUID of added entity already exists: EntityDragonPart['Dragon Part'/17480, l='ServerLevel[world]', x=1166.79, y=-0.19, z=-1118.90]
[08Apr2025 00:31:41.315] [Server thread/WARN] [net.minecraft.world.level.entity.PersistentEntitySectionManager/]: UUID of added entity already exists: EntityDragonPart['Dragon Part'/17480, l='ServerLevel[world]', x=1166.79, y=-0.19, z=-1118.90]
[08Apr2025 00:31:41.330] [Server thread/WARN] [net.minecraft.world.level.entity.PersistentEntitySectionManager/]: UUID of added entity already exists: EntityDragonPart['Dragon Part'/17480, l='ServerLevel[world]', x=1166.79, y=-0.19, z=-1118.90]
[08Apr2025 00:31:41.343] [Server thread/WARN] [net.minecraft.world.level.entity.PersistentEntitySectionManager/]: UUID of added entity already exists: EntityDragonPart['Dragon Part'/17480, l='ServerLevel[world]', x=1166.79, y=-0.19, z=-1118.90]
[08Apr2025 00:31:41.355] [Server thread/WARN] [net.minecraft.world.level.entity.PersistentEntitySectionManager/]: UUID of added entity already exists: EntityDragonPart['Dragon Part'/17480, l='ServerLevel[world]', x=1166.79, y=-0.19, z=-1118.90]
[08Apr2025 00:31:41.375] [Server thread/WARN] [net.minecraft.world.level.entity.PersistentEntitySectionManager/]: UUID of added entity already exists: EntityDragonPart['Dragon Part'/17480, l='ServerLevel[world]', x=1166.79, y=-0.19, z=-1118.90]
[08Apr2025 00:31:41.395] [Server thread/WARN] [net.minecraft.world.level.entity.PersistentEntitySectionManager/]: UUID of added entity already exists: EntityDragonPart['Dragon Part'/17480, l='ServerLevel[world]', x=1166.79, y=-0.19, z=-1118.90]
[08Apr2025 00:31:41.408] [Server thread/WARN] [net.minecraft.world.level.entity.PersistentEntitySectionManager/]: UUID of added entity already exists: EntityDragonPart['Dragon Part'/17480, l='ServerLevel[world]', x=1166.79, y=-0.19, z=-1118.90]
[08Apr2025 00:31:41.422] [Server thread/WARN] [net.minecraft.world.level.entity.PersistentEntitySectionManager/]: UUID of added entity already exists: EntityDragonPart['Dragon Part'/17480, l='ServerLevel[world]', x=1166.79, y=-0.19, z=-1118.90]
[08Apr2025 00:31:41.450] [Server thread/WARN] [net.minecraft.world.level.entity.PersistentEntitySectionManager/]: UUID of added entity already exists: EntityDragonPart['Dragon Part'/17480, l='ServerLevel[world]', x=1166.79, y=-0.19, z=-1118.90]
[08Apr2025 00:31:41.508] [Server thread/WARN] [net.minecraft.world.level.entity.PersistentEntitySectionManager/]: UUID of added entity already exists: EntityDragonPart['Dragon Part'/17480, l='ServerLevel[world]', x=1166.79, y=-0.19, z=-1118.90]
[08Apr2025 00:31:41.579] [Server thread/WARN] [net.minecraft.world.level.entity.PersistentEntitySectionManager/]: UUID of added entity already exists: EntityDragonPart['Dragon Part'/17480, l='ServerLevel[world]', x=1166.79, y=-0.19, z=-1118.90]
[08Apr2025 00:31:41.607] [Server thread/WARN] [net.minecraft.world.level.entity.PersistentEntitySectionManager/]: UUID of added entity already exists: EntityDragonPart['Dragon Part'/17480, l='ServerLevel[world]', x=1166.79, y=-0.19, z=-1118.90]
[08Apr2025 00:31:41.732] [Server thread/WARN] [net.minecraft.world.level.entity.PersistentEntitySectionManager/]: UUID of added entity already exists: EntityDragonPart['Dragon Part'/17480, l='ServerLevel[world]', x=1166.79, y=-0.19, z=-1118.90]
[08Apr2025 00:31:41.773] [Server thread/WARN] [net.minecraft.world.level.entity.PersistentEntitySectionManager/]: UUID of added entity already exists: EntityDragonPart['Dragon Part'/17480, l='ServerLevel[world]', x=1166.79, y=-0.19, z=-1118.90]
[08Apr2025 00:31:41.798] [Server thread/WARN] [net.minecraft.world.level.entity.PersistentEntitySectionManager/]: UUID of added entity already exists: EntityDragonPart['Dragon Part'/17480, l='ServerLevel[world]', x=1166.79, y=-0.19, z=-1118.90]
[08Apr2025 00:31:41.848] [Server thread/WARN] [net.minecraft.world.level.entity.PersistentEntitySectionManager/]: UUID of added entity already exists: EntityDragonPart['Dragon Part'/17480, l='ServerLevel[world]', x=1166.79, y=-0.19, z=-1118.90]
[08Apr2025 00:31:41.896] [Server thread/WARN] [net.minecraft.world.level.entity.PersistentEntitySectionManager/]: UUID of added entity already exists: EntityDragonPart['Dragon Part'/17480, l='ServerLevel[world]', x=1166.79, y=-0.19, z=-1118.90]
[08Apr2025 00:31:41.913] [Server thread/WARN] [net.minecraft.world.level.entity.PersistentEntitySectionManager/]: UUID of added entity already exists: EntityDragonPart['Dragon Part'/17480, l='ServerLevel[world]', x=1166.79, y=-0.19, z=-1118.90]
[08Apr2025 00:31:41.960] [Server thread/WARN] [net.minecraft.world.level.entity.PersistentEntitySectionManager/]: UUID of added entity already exists: EntityDragonPart['Dragon Part'/17480, l='ServerLevel[world]', x=1166.79, y=-0.19, z=-1118.90]
[08Apr2025 00:31:42.037] [Server thread/WARN] [net.minecraft.world.level.entity.PersistentEntitySectionManager/]: UUID of added entity already exists: EntityDragonPart['Dragon Part'/17480, l='ServerLevel[world]', x=1166.79, y=-0.19, z=-1118.90]
[08Apr2025 00:31:42.104] [Server thread/WARN] [net.minecraft.world.level.entity.PersistentEntitySectionManager/]: UUID of added entity already exists: EntityDragonPart['Dragon Part'/17480, l='ServerLevel[world]', x=1166.79, y=-0.19, z=-1118.90]
[08Apr2025 00:31:42.157] [Server thread/WARN] [net.minecraft.world.level.entity.PersistentEntitySectionManager/]: UUID of added entity already exists: EntityDragonPart['Dragon Part'/17480, l='ServerLevel[world]', x=1166.79, y=-0.19, z=-1118.90]
[08Apr2025 00:31:42.204] [Server thread/WARN] [net.minecraft.world.level.entity.PersistentEntitySectionManager/]: UUID of added entity already exists: EntityDragonPart['Dragon Part'/17480, l='ServerLevel[world]', x=1166.79, y=-0.19, z=-1118.90]
[08Apr2025 00:31:42.223] [Server thread/WARN] [net.minecraft.world.level.entity.PersistentEntitySectionManager/]: UUID of added entity already exists: EntityDragonPart['Dragon Part'/17480, l='ServerLevel[world]', x=1166.79, y=-0.19, z=-1118.90]
[08Apr2025 00:31:42.252] [Server thread/WARN] [net.minecraft.world.level.entity.PersistentEntitySectionManager/]: UUID of added entity already exists: EntityDragonPart['Dragon Part'/17480, l='ServerLevel[world]', x=1166.79, y=-0.19, z=-1118.90]
[08Apr2025 00:31:42.293] [Server thread/WARN] [net.minecraft.world.level.entity.PersistentEntitySectionManager/]: UUID of added entity already exists: EntityDragonPart['Dragon Part'/17480, l='ServerLevel[world]', x=1166.79, y=-0.19, z=-1118.90]
[08Apr2025 00:31:42.345] [Server thread/WARN] [net.minecraft.world.level.entity.PersistentEntitySectionManager/]: UUID of added entity already exists: EntityDragonPart['Dragon Part'/17480, l='ServerLevel[world]', x=1166.79, y=-0.19, z=-1118.90]
[08Apr2025 00:31:42.393] [Server thread/WARN] [net.minecraft.world.level.entity.PersistentEntitySectionManager/]: UUID of added entity already exists: EntityDragonPart['Dragon Part'/17480, l='ServerLevel[world]', x=1166.79, y=-0.19, z=-1118.90]
[08Apr2025 00:31:42.444] [Server thread/WARN] [net.minecraft.world.level.entity.PersistentEntitySectionManager/]: UUID of added entity already exists: EntityDragonPart['Dragon Part'/17480, l='ServerLevel[world]', x=1166.79, y=-0.19, z=-1118.90]
[08Apr2025 00:31:42.496] [Server thread/WARN] [net.minecraft.world.level.entity.PersistentEntitySectionManager/]: UUID of added entity already exists: EntityDragonPart['Dragon Part'/17480, l='ServerLevel[world]', x=1166.79, y=-0.19, z=-1118.90]
[08Apr2025 00:31:42.542] [Server thread/WARN] [net.minecraft.world.level.entity.PersistentEntitySectionManager/]: UUID of added entity already exists: EntityDragonPart['Dragon Part'/17480, l='ServerLevel[world]', x=1166.79, y=-0.19, z=-1118.90]
[08Apr2025 00:31:42.596] [Server thread/WARN] [net.minecraft.world.level.entity.PersistentEntitySectionManager/]: UUID of added entity already exists: EntityDragonPart['Dragon Part'/17480, l='ServerLevel[world]', x=1166.79, y=-0.19, z=-1118.90]
[08Apr2025 00:31:42.686] [Server thread/WARN] [net.minecraft.world.level.entity.PersistentEntitySectionManager/]: UUID of added entity already exists: EntityDragonPart['Dragon Part'/17480, l='ServerLevel[world]', x=1166.79, y=-0.19, z=-1118.90]
[08Apr2025 00:31:42.713] [Server thread/WARN] [net.minecraft.world.level.entity.PersistentEntitySectionManager/]: UUID of added entity already exists: EntityDragonPart['Dragon Part'/17480, l='ServerLevel[world]', x=1166.79, y=-0.19, z=-1118.90]
[08Apr2025 00:31:42.741] [Server thread/WARN] [net.minecraft.world.level.entity.PersistentEntitySectionManager/]: UUID of added entity already exists: EntityDragonPart['Dragon Part'/17480, l='ServerLevel[world]', x=1166.79, y=-0.19, z=-1118.90]
[08Apr2025 00:31:42.794] [Server thread/WARN] [net.minecraft.world.level.entity.PersistentEntitySectionManager/]: UUID of added entity already exists: EntityDragonPart['Dragon Part'/17480, l='ServerLevel[world]', x=1166.79, y=-0.19, z=-1118.90]
[08Apr2025 00:31:42.844] [Server thread/WARN] [net.minecraft.world.level.entity.PersistentEntitySectionManager/]: UUID of added entity already exists: EntityDragonPart['Dragon Part'/17480, l='ServerLevel[world]', x=1166.79, y=-0.19, z=-1118.90]
[08Apr2025 00:31:42.896] [Server thread/WARN] [net.minecraft.world.level.entity.PersistentEntitySectionManager/]: UUID of added entity already exists: EntityDragonPart['Dragon Part'/17480, l='ServerLevel[world]', x=1166.79, y=-0.19, z=-1118.90]
[08Apr2025 00:31:42.943] [Server thread/WARN] [net.minecraft.world.level.entity.PersistentEntitySectionManager/]: UUID of added entity already exists: EntityDragonPart['Dragon Part'/17480, l='ServerLevel[world]', x=1166.79, y=-0.19, z=-1118.90]
[08Apr2025 00:31:43.017] [Server thread/WARN] [net.minecraft.world.level.entity.PersistentEntitySectionManager/]: UUID of added entity already exists: EntityDragonPart['Dragon Part'/17480, l='ServerLevel[world]', x=1166.79, y=-0.19, z=-1118.90]
[08Apr2025 00:31:43.065] [Server thread/WARN] [net.minecraft.world.level.entity.PersistentEntitySectionManager/]: UUID of added entity already exists: EntityDragonPart['Dragon Part'/17480, l='ServerLevel[world]', x=1166.79, y=-0.19, z=-1118.90]
[08Apr2025 00:31:43.096] [Server thread/WARN] [net.minecraft.world.level.entity.PersistentEntitySectionManager/]: UUID of added entity already exists: EntityDragonPart['Dragon Part'/17480, l='ServerLevel[world]', x=1166.79, y=-0.19, z=-1118.90]
[08Apr2025 00:31:43.147] [Server thread/WARN] [net.minecraft.world.level.entity.PersistentEntitySectionManager/]: UUID of added entity already exists: EntityDragonPart['Dragon Part'/17480, l='ServerLevel[world]', x=1166.79, y=-0.19, z=-1118.90]
[08Apr2025 00:31:43.194] [Server thread/WARN] [net.minecraft.world.level.entity.PersistentEntitySectionManager/]: UUID of added entity already exists: EntityDragonPart['Dragon Part'/17480, l='ServerLevel[world]', x=1166.79, y=-0.19, z=-1118.90]
[08Apr2025 00:31:43.243] [Server thread/WARN] [net.minecraft.world.level.entity.PersistentEntitySectionManager/]: UUID of added entity already exists: EntityDragonPart['Dragon Part'/17480, l='ServerLevel[world]', x=1166.79, y=-0.19, z=-1118.90]
[08Apr2025 00:31:43.294] [Server thread/WARN] [net.minecraft.world.level.entity.PersistentEntitySectionManager/]: UUID of added entity already exists: EntityDragonPart['Dragon Part'/17480, l='ServerLevel[world]', x=1166.79, y=-0.19, z=-1118.90]
[08Apr2025 00:31:43.345] [Server thread/WARN] [net.minecraft.world.level.entity.PersistentEntitySectionManager/]: UUID of added entity already exists: EntityDragonPart['Dragon Part'/17480, l='ServerLevel[world]', x=1166.79, y=-0.19, z=-1118.90]
[08Apr2025 00:31:43.393] [Server thread/WARN] [net.minecraft.world.level.entity.PersistentEntitySectionManager/]: UUID of added entity already exists: EntityDragonPart['Dragon Part'/17480, l='ServerLevel[world]', x=1166.79, y=-0.19, z=-1118.90]
[08Apr2025 00:31:43.445] [Server thread/WARN] [net.minecraft.world.level.entity.PersistentEntitySectionManager/]: UUID of added entity already exists: EntityDragonPart['Dragon Part'/17480, l='ServerLevel[world]', x=1166.79, y=-0.19, z=-1118.90]
[08Apr2025 00:31:43.493] [Server thread/WARN] [net.minecraft.world.level.entity.PersistentEntitySectionManager/]: UUID of added entity already exists: EntityDragonPart['Dragon Part'/17480, l='ServerLevel[world]', x=1166.79, y=-0.19, z=-1118.90]
[08Apr2025 00:31:43.545] [Server thread/WARN] [net.minecraft.world.level.entity.PersistentEntitySectionManager/]: UUID of added entity already exists: EntityDragonPart['Dragon Part'/17480, l='ServerLevel[world]', x=1166.79, y=-0.19, z=-1118.90]
[08Apr2025 00:31:43.594] [Server thread/WARN] [net.minecraft.world.level.entity.PersistentEntitySectionManager/]: UUID of added entity already exists: EntityDragonPart['Dragon Part'/17480, l='ServerLevel[world]', x=1166.79, y=-0.19, z=-1118.90]
[08Apr2025 00:31:43.710] [Server thread/WARN] [net.minecraft.world.level.entity.PersistentEntitySectionManager/]: UUID of added entity already exists: EntityDragonPart['Dragon Part'/17480, l='ServerLevel[world]', x=1166.79, y=-0.19, z=-1118.90]
[08Apr2025 00:31:43.739] [Server thread/WARN] [net.minecraft.world.level.entity.PersistentEntitySectionManager/]: UUID of added entity already exists: EntityDragonPart['Dragon Part'/17480, l='ServerLevel[world]', x=1166.79, y=-0.19, z=-1118.90]
[08Apr2025 00:31:43.753] [Server thread/WARN] [net.minecraft.world.level.entity.PersistentEntitySectionManager/]: UUID of added entity already exists: EntityDragonPart['Dragon Part'/17480, l='ServerLevel[world]', x=1166.79, y=-0.19, z=-1118.90]
[08Apr2025 00:31:43.793] [Server thread/WARN] [net.minecraft.world.level.entity.PersistentEntitySectionManager/]: UUID of added entity already exists: EntityDragonPart['Dragon Part'/17480, l='ServerLevel[world]', x=1166.79, y=-0.19, z=-1118.90]
[08Apr2025 00:31:43.844] [Server thread/WARN] [net.minecraft.world.level.entity.PersistentEntitySectionManager/]: UUID of added entity already exists: EntityDragonPart['Dragon Part'/17480, l='ServerLevel[world]', x=1166.79, y=-0.19, z=-1118.90]
[08Apr2025 00:31:43.892] [Server thread/WARN] [net.minecraft.world.level.entity.PersistentEntitySectionManager/]: UUID of added entity already exists: EntityDragonPart['Dragon Part'/17480, l='ServerLevel[world]', x=1166.79, y=-0.19, z=-1118.90]
[08Apr2025 00:31:43.944] [Server thread/WARN] [net.minecraft.world.level.entity.PersistentEntitySectionManager/]: UUID of added entity already exists: EntityDragonPart['Dragon Part'/17480, l='ServerLevel[world]', x=1166.79, y=-0.19, z=-1118.90]
[08Apr2025 00:31:43.993] [Server thread/WARN] [net.minecraft.world.level.entity.PersistentEntitySectionManager/]: UUID of added entity already exists: EntityDragonPart['Dragon Part'/17480, l='ServerLevel[world]', x=1166.79, y=-0.19, z=-1118.90]
[08Apr2025 00:31:44.043] [Server thread/WARN] [net.minecraft.world.level.entity.PersistentEntitySectionManager/]: UUID of added entity already exists: EntityDragonPart['Dragon Part'/17480, l='ServerLevel[world]', x=1166.79, y=-0.19, z=-1118.90]
[08Apr2025 00:31:44.095] [Server thread/WARN] [net.minecraft.world.level.entity.PersistentEntitySectionManager/]: UUID of added entity already exists: EntityDragonPart['Dragon Part'/17480, l='ServerLevel[world]', x=1166.79, y=-0.19, z=-1118.90]
[08Apr2025 00:31:44.144] [Server thread/WARN] [net.minecraft.world.level.entity.PersistentEntitySectionManager/]: UUID of added entity already exists: EntityDragonPart['Dragon Part'/17480, l='ServerLevel[world]', x=1166.79, y=-0.19, z=-1118.90]
[08Apr2025 00:31:44.194] [Server thread/WARN] [net.minecraft.world.level.entity.PersistentEntitySectionManager/]: UUID of added entity already exists: EntityDragonPart['Dragon Part'/17480, l='ServerLevel[world]', x=1166.79, y=-0.19, z=-1118.90]
[08Apr2025 00:31:44.244] [Server thread/WARN] [net.minecraft.world.level.entity.PersistentEntitySectionManager/]: UUID of added entity already exists: EntityDragonPart['Dragon Part'/17480, l='ServerLevel[world]', x=1166.79, y=-0.19, z=-1118.90]
[08Apr2025 00:31:44.297] [Server thread/WARN] [net.minecraft.world.level.entity.PersistentEntitySectionManager/]: UUID of added entity already exists: EntityDragonPart['Dragon Part'/17480, l='ServerLevel[world]', x=1166.79, y=-0.19, z=-1118.90]
[08Apr2025 00:31:44.347] [Server thread/WARN] [net.minecraft.world.level.entity.PersistentEntitySectionManager/]: UUID of added entity already exists: EntityDragonPart['Dragon Part'/17480, l='ServerLevel[world]', x=1166.79, y=-0.19, z=-1118.90]
[08Apr2025 00:31:44.394] [Server thread/WARN] [net.minecraft.world.level.entity.PersistentEntitySectionManager/]: UUID of added entity already exists: EntityDragonPart['Dragon Part'/17480, l='ServerLevel[world]', x=1166.79, y=-0.19, z=-1118.90]
[08Apr2025 00:31:44.444] [Server thread/WARN] [net.minecraft.world.level.entity.PersistentEntitySectionManager/]: UUID of added entity already exists: EntityDragonPart['Dragon Part'/17480, l='ServerLevel[world]', x=1166.79, y=-0.19, z=-1118.90]
[08Apr2025 00:31:44.494] [Server thread/WARN] [net.minecraft.world.level.entity.PersistentEntitySectionManager/]: UUID of added entity already exists: EntityDragonPart['Dragon Part'/17480, l='ServerLevel[world]', x=1166.79, y=-0.19, z=-1118.90]
[08Apr2025 00:31:44.546] [Server thread/WARN] [net.minecraft.world.level.entity.PersistentEntitySectionManager/]: UUID of added entity already exists: EntityDragonPart['Dragon Part'/17480, l='ServerLevel[world]', x=1166.79, y=-0.19, z=-1118.90]
[08Apr2025 00:31:44.593] [Server thread/WARN] [net.minecraft.world.level.entity.PersistentEntitySectionManager/]: UUID of added entity already exists: EntityDragonPart['Dragon Part'/17480, l='ServerLevel[world]', x=1166.79, y=-0.19, z=-1118.90]
[08Apr2025 00:31:44.684] [Server thread/WARN] [net.minecraft.world.level.entity.PersistentEntitySectionManager/]: UUID of added entity already exists: EntityDragonPart['Dragon Part'/17480, l='ServerLevel[world]', x=1166.79, y=-0.19, z=-1118.90]
[08Apr2025 00:31:44.711] [Server thread/WARN] [net.minecraft.world.level.entity.PersistentEntitySectionManager/]: UUID of added entity already exists: EntityDragonPart['Dragon Part'/17480, l='ServerLevel[world]', x=1166.79, y=-0.19, z=-1118.90]
[08Apr2025 00:31:44.741] [Server thread/WARN] [net.minecraft.world.level.entity.PersistentEntitySectionManager/]: UUID of added entity already exists: EntityDragonPart['Dragon Part'/17480, l='ServerLevel[world]', x=1166.79, y=-0.19, z=-1118.90]
[08Apr2025 00:31:44.792] [Server thread/WARN] [net.minecraft.world.level.entity.PersistentEntitySectionManager/]: UUID of added entity already exists: EntityDragonPart['Dragon Part'/17480, l='ServerLevel[world]', x=1166.79, y=-0.19, z=-1118.90]
[08Apr2025 00:31:44.842] [Server thread/WARN] [net.minecraft.world.level.entity.PersistentEntitySectionManager/]: UUID of added entity already exists: EntityDragonPart['Dragon Part'/17480, l='ServerLevel[world]', x=1166.79, y=-0.19, z=-1118.90]
[08Apr2025 00:31:44.896] [Server thread/WARN] [net.minecraft.world.level.entity.PersistentEntitySectionManager/]: UUID of added entity already exists: EntityDragonPart['Dragon Part'/17480, l='ServerLevel[world]', x=1166.79, y=-0.19, z=-1118.90]
[08Apr2025 00:31:44.945] [Server thread/WARN] [net.minecraft.world.level.entity.PersistentEntitySectionManager/]: UUID of added entity already exists: EntityDragonPart['Dragon Part'/17480, l='ServerLevel[world]', x=1166.79, y=-0.19, z=-1118.90]
[08Apr2025 00:31:44.994] [Server thread/WARN] [net.minecraft.world.level.entity.PersistentEntitySectionManager/]: UUID of added entity already exists: EntityDragonPart['Dragon Part'/17480, l='ServerLevel[world]', x=1166.79, y=-0.19, z=-1118.90]
[08Apr2025 00:31:45.051] [Server thread/WARN] [net.minecraft.world.level.entity.PersistentEntitySectionManager/]: UUID of added entity already exists: EntityDragonPart['Dragon Part'/17480, l='ServerLevel[world]', x=1166.79, y=-0.19, z=-1118.90]
[08Apr2025 00:31:45.094] [Server thread/WARN] [net.minecraft.world.level.entity.PersistentEntitySectionManager/]: UUID of added entity already exists: EntityDragonPart['Dragon Part'/17480, l='ServerLevel[world]', x=1166.79, y=-0.19, z=-1118.90]
[08Apr2025 00:31:45.146] [Server thread/WARN] [net.minecraft.world.level.entity.PersistentEntitySectionManager/]: UUID of added entity already exists: EntityDragonPart['Dragon Part'/17480, l='ServerLevel[world]', x=1166.79, y=-0.19, z=-1118.90]
[08Apr2025 00:31:45.194] [Server thread/WARN] [net.minecraft.world.level.entity.PersistentEntitySectionManager/]: UUID of added entity already exists: EntityDragonPart['Dragon Part'/17480, l='ServerLevel[world]', x=1166.79, y=-0.19, z=-1118.90]
[08Apr2025 00:31:45.243] [Server thread/WARN] [net.minecraft.world.level.entity.PersistentEntitySectionManager/]: UUID of added entity already exists: EntityDragonPart['Dragon Part'/17480, l='ServerLevel[world]', x=1166.79, y=-0.19, z=-1118.90]
[08Apr2025 00:31:45.303] [Server thread/WARN] [net.minecraft.world.level.entity.PersistentEntitySectionManager/]: UUID of added entity already exists: EntityDragonPart['Dragon Part'/17480, l='ServerLevel[world]', x=1166.79, y=-0.19, z=-1118.90]
[08Apr2025 00:31:45.343] [Server thread/WARN] [net.minecraft.world.level.entity.PersistentEntitySectionManager/]: UUID of added entity already exists: EntityDragonPart['Dragon Part'/17480, l='ServerLevel[world]', x=1166.79, y=-0.19, z=-1118.90]
[08Apr2025 00:31:45.393] [Server thread/WARN] [net.minecraft.world.level.entity.PersistentEntitySectionManager/]: UUID of added entity already exists: EntityDragonPart['Dragon Part'/17480, l='ServerLevel[world]', x=1166.79, y=-0.19, z=-1118.90]
[08Apr2025 00:31:45.444] [Server thread/WARN] [net.minecraft.world.level.entity.PersistentEntitySectionManager/]: UUID of added entity already exists: EntityDragonPart['Dragon Part'/17480, l='ServerLevel[world]', x=1166.79, y=-0.19, z=-1118.90]
[08Apr2025 00:31:45.493] [Server thread/WARN] [net.minecraft.world.level.entity.PersistentEntitySectionManager/]: UUID of added entity already exists: EntityDragonPart['Dragon Part'/17480, l='ServerLevel[world]', x=1166.79, y=-0.19, z=-1118.90]
[08Apr2025 00:31:45.542] [Server thread/WARN] [net.minecraft.world.level.entity.PersistentEntitySectionManager/]: UUID of added entity already exists: EntityDragonPart['Dragon Part'/17480, l='ServerLevel[world]', x=1166.79, y=-0.19, z=-1118.90]
[08Apr2025 00:31:45.593] [Server thread/WARN] [net.minecraft.world.level.entity.PersistentEntitySectionManager/]: UUID of added entity already exists: EntityDragonPart['Dragon Part'/17480, l='ServerLevel[world]', x=1166.79, y=-0.19, z=-1118.90]
[08Apr2025 00:31:45.690] [Server thread/WARN] [net.minecraft.world.level.entity.PersistentEntitySectionManager/]: UUID of added entity already exists: EntityDragonPart['Dragon Part'/17480, l='ServerLevel[world]', x=1166.79, y=-0.19, z=-1118.90]
[08Apr2025 00:31:45.736] [Server thread/WARN] [net.minecraft.world.level.entity.PersistentEntitySectionManager/]: UUID of added entity already exists: EntityDragonPart['Dragon Part'/17480, l='ServerLevel[world]', x=1166.79, y=-0.19, z=-1118.90]
[08Apr2025 00:31:45.754] [Server thread/WARN] [net.minecraft.world.level.entity.PersistentEntitySectionManager/]: UUID of added entity already exists: EntityDragonPart['Dragon Part'/17480, l='ServerLevel[world]', x=1166.79, y=-0.19, z=-1118.90]
[08Apr2025 00:31:45.792] [Server thread/WARN] [net.minecraft.world.level.entity.PersistentEntitySectionManager/]: UUID of added entity already exists: EntityDragonPart['Dragon Part'/17480, l='ServerLevel[world]', x=1166.79, y=-0.19, z=-1118.90]
[08Apr2025 00:31:45.842] [Server thread/WARN] [net.minecraft.world.level.entity.PersistentEntitySectionManager/]: UUID of added entity already exists: EntityDragonPart['Dragon Part'/17480, l='ServerLevel[world]', x=1166.79, y=-0.19, z=-1118.90]
[08Apr2025 00:31:45.906] [Server thread/WARN] [net.minecraft.world.level.entity.PersistentEntitySectionManager/]: UUID of added entity already exists: EntityDragonPart['Dragon Part'/17480, l='ServerLevel[world]', x=1166.79, y=-0.19, z=-1118.90]
[08Apr2025 00:31:45.945] [Server thread/WARN] [net.minecraft.world.level.entity.PersistentEntitySectionManager/]: UUID of added entity already exists: EntityDragonPart['Dragon Part'/17480, l='ServerLevel[world]', x=1166.79, y=-0.19, z=-1118.90]
[08Apr2025 00:31:45.994] [Server thread/WARN] [net.minecraft.world.level.entity.PersistentEntitySectionManager/]: UUID of added entity already exists: EntityDragonPart['Dragon Part'/17480, l='ServerLevel[world]', x=1166.79, y=-0.19, z=-1118.90]
[08Apr2025 00:31:46.046] [Server thread/WARN] [net.minecraft.world.level.entity.PersistentEntitySectionManager/]: UUID of added entity already exists: EntityDragonPart['Dragon Part'/17480, l='ServerLevel[world]', x=1166.79, y=-0.19, z=-1118.90]
[08Apr2025 00:31:46.095] [Server thread/WARN] [net.minecraft.world.level.entity.PersistentEntitySectionManager/]: UUID of added entity already exists: EntityDragonPart['Dragon Part'/17480, l='ServerLevel[world]', x=1166.79, y=-0.19, z=-1118.90]
[08Apr2025 00:31:46.143] [Server thread/WARN] [net.minecraft.world.level.entity.PersistentEntitySectionManager/]: UUID of added entity already exists: EntityDragonPart['Dragon Part'/17480, l='ServerLevel[world]', x=1166.79, y=-0.19, z=-1118.90]
[08Apr2025 00:31:46.193] [Server thread/WARN] [net.minecraft.world.level.entity.PersistentEntitySectionManager/]: UUID of added entity already exists: EntityDragonPart['Dragon Part'/17480, l='ServerLevel[world]', x=1166.79, y=-0.19, z=-1118.90]
[08Apr2025 00:31:46.244] [Server thread/WARN] [net.minecraft.world.level.entity.PersistentEntitySectionManager/]: UUID of added entity already exists: EntityDragonPart['Dragon Part'/17480, l='ServerLevel[world]', x=1166.79, y=-0.19, z=-1118.90]
[08Apr2025 00:31:46.295] [Server thread/WARN] [net.minecraft.world.level.entity.PersistentEntitySectionManager/]: UUID of added entity already exists: EntityDragonPart['Dragon Part'/17480, l='ServerLevel[world]', x=1166.79, y=-0.19, z=-1118.90]
[08Apr2025 00:31:46.366] [Server thread/WARN] [net.minecraft.world.level.entity.PersistentEntitySectionManager/]: UUID of added entity already exists: EntityDragonPart['Dragon Part'/17480, l='ServerLevel[world]', x=1166.79, y=-0.19, z=-1118.90]
[08Apr2025 00:31:46.408] [Server thread/WARN] [net.minecraft.world.level.entity.PersistentEntitySectionManager/]: UUID of added entity already exists: EntityDragonPart['Dragon Part'/17480, l='ServerLevel[world]', x=1166.79, y=-0.19, z=-1118.90]
[08Apr2025 00:31:46.444] [Server thread/WARN] [net.minecraft.world.level.entity.PersistentEntitySectionManager/]: UUID of added entity already exists: EntityDragonPart['Dragon Part'/17480, l='ServerLevel[world]', x=1166.79, y=-0.19, z=-1118.90]
[08Apr2025 00:31:46.495] [Server thread/WARN] [net.minecraft.world.level.entity.PersistentEntitySectionManager/]: UUID of added entity already exists: EntityDragonPart['Dragon Part'/17480, l='ServerLevel[world]', x=1166.79, y=-0.19, z=-1118.90]
[08Apr2025 00:31:46.543] [Server thread/WARN] [net.minecraft.world.level.entity.PersistentEntitySectionManager/]: UUID of added entity already exists: EntityDragonPart['Dragon Part'/17480, l='ServerLevel[world]', x=1166.79, y=-0.19, z=-1118.90]
[08Apr2025 00:31:46.594] [Server thread/WARN] [net.minecraft.world.level.entity.PersistentEntitySectionManager/]: UUID of added entity already exists: EntityDragonPart['Dragon Part'/17480, l='ServerLevel[world]', x=1166.79, y=-0.19, z=-1118.90]
[08Apr2025 00:31:46.686] [Server thread/WARN] [net.minecraft.world.level.entity.PersistentEntitySectionManager/]: UUID of added entity already exists: EntityDragonPart['Dragon Part'/17480, l='ServerLevel[world]', x=1166.79, y=-0.19, z=-1118.90]
[08Apr2025 00:31:46.712] [Server thread/WARN] [net.minecraft.world.level.entity.PersistentEntitySectionManager/]: UUID of added entity already exists: EntityDragonPart['Dragon Part'/17480, l='ServerLevel[world]', x=1166.79, y=-0.19, z=-1118.90]
[08Apr2025 00:31:46.752] [Server thread/WARN] [net.minecraft.world.level.entity.PersistentEntitySectionManager/]: UUID of added entity already exists: EntityDragonPart['Dragon Part'/17480, l='ServerLevel[world]', x=1166.79, y=-0.19, z=-1118.90]
[08Apr2025 00:31:46.794] [Server thread/WARN] [net.minecraft.world.level.entity.PersistentEntitySectionManager/]: UUID of added entity already exists: EntityDragonPart['Dragon Part'/17480, l='ServerLevel[world]', x=1166.79, y=-0.19, z=-1118.90]
[08Apr2025 00:31:46.845] [Server thread/WARN] [net.minecraft.world.level.entity.PersistentEntitySectionManager/]: UUID of added entity already exists: EntityDragonPart['Dragon Part'/17480, l='ServerLevel[world]', x=1166.79, y=-0.19, z=-1118.90]
[08Apr2025 00:31:46.894] [Server thread/WARN] [net.minecraft.world.level.entity.PersistentEntitySectionManager/]: UUID of added entity already exists: EntityDragonPart['Dragon Part'/17480, l='ServerLevel[world]', x=1166.79, y=-0.19, z=-1118.90]
[08Apr2025 00:31:46.944] [Server thread/WARN] [net.minecraft.world.level.entity.PersistentEntitySectionManager/]: UUID of added entity already exists: EntityDragonPart['Dragon Part'/17480, l='ServerLevel[world]', x=1166.79, y=-0.19, z=-1118.90]
[08Apr2025 00:31:46.996] [Server thread/WARN] [net.minecraft.world.level.entity.PersistentEntitySectionManager/]: UUID of added entity already exists: EntityDragonPart['Dragon Part'/17480, l='ServerLevel[world]', x=1166.79, y=-0.19, z=-1118.90]
[08Apr2025 00:31:47.042] [Server thread/WARN] [net.minecraft.world.level.entity.PersistentEntitySectionManager/]: UUID of added entity already exists: EntityDragonPart['Dragon Part'/17480, l='ServerLevel[world]', x=1166.79, y=-0.19, z=-1118.90]
[08Apr2025 00:31:47.092] [Server thread/WARN] [net.minecraft.world.level.entity.PersistentEntitySectionManager/]: UUID of added entity already exists: EntityDragonPart['Dragon Part'/17480, l='ServerLevel[world]', x=1166.79, y=-0.19, z=-1118.90]
[08Apr2025 00:31:47.143] [Server thread/WARN] [net.minecraft.world.level.entity.PersistentEntitySectionManager/]: UUID of added entity already exists: EntityDragonPart['Dragon Part'/17480, l='ServerLevel[world]', x=1166.79, y=-0.19, z=-1118.90]
[08Apr2025 00:31:47.193] [Server thread/WARN] [net.minecraft.world.level.entity.PersistentEntitySectionManager/]: UUID of added entity already exists: EntityDragonPart['Dragon Part'/17480, l='ServerLevel[world]', x=1166.79, y=-0.19, z=-1118.90]
[08Apr2025 00:31:47.254] [Server thread/WARN] [net.minecraft.world.level.entity.PersistentEntitySectionManager/]: UUID of added entity already exists: EntityDragonPart['Dragon Part'/17480, l='ServerLevel[world]', x=1166.79, y=-0.19, z=-1118.90]
[08Apr2025 00:31:47.294] [Server thread/WARN] [net.minecraft.world.level.entity.PersistentEntitySectionManager/]: UUID of added entity already exists: EntityDragonPart['Dragon Part'/17480, l='ServerLevel[world]', x=1166.79, y=-0.19, z=-1118.90]
[08Apr2025 00:31:47.344] [Server thread/WARN] [net.minecraft.world.level.entity.PersistentEntitySectionManager/]: UUID of added entity already exists: EntityDragonPart['Dragon Part'/17480, l='ServerLevel[world]', x=1166.79, y=-0.19, z=-1118.90]
[08Apr2025 00:31:47.428] [Server thread/WARN] [net.minecraft.world.level.entity.PersistentEntitySectionManager/]: UUID of added entity already exists: EntityDragonPart['Dragon Part'/17480, l='ServerLevel[world]', x=1166.79, y=-0.19, z=-1118.90]
[08Apr2025 00:31:47.443] [Server thread/WARN] [net.minecraft.world.level.entity.PersistentEntitySectionManager/]: UUID of added entity already exists: EntityDragonPart['Dragon Part'/17480, l='ServerLevel[world]', x=1166.79, y=-0.19, z=-1118.90]
[08Apr2025 00:31:47.494] [Server thread/WARN] [net.minecraft.world.level.entity.PersistentEntitySectionManager/]: UUID of added entity already exists: EntityDragonPart['Dragon Part'/17480, l='ServerLevel[world]', x=1166.79, y=-0.19, z=-1118.90]
[08Apr2025 00:31:47.543] [Server thread/WARN] [net.minecraft.world.level.entity.PersistentEntitySectionManager/]: UUID of added entity already exists: EntityDragonPart['Dragon Part'/17480, l='ServerLevel[world]', x=1166.79, y=-0.19, z=-1118.90]
[08Apr2025 00:31:47.593] [Server thread/WARN] [net.minecraft.world.level.entity.PersistentEntitySectionManager/]: UUID of added entity already exists: EntityDragonPart['Dragon Part'/17480, l='ServerLevel[world]', x=1166.79, y=-0.19, z=-1118.90]
[08Apr2025 00:31:47.685] [Server thread/WARN] [net.minecraft.world.level.entity.PersistentEntitySectionManager/]: UUID of added entity already exists: EntityDragonPart['Dragon Part'/17480, l='ServerLevel[world]', x=1166.79, y=-0.19, z=-1118.90]
[08Apr2025 00:31:47.712] [Server thread/WARN] [net.minecraft.world.level.entity.PersistentEntitySectionManager/]: UUID of added entity already exists: EntityDragonPart['Dragon Part'/17480, l='ServerLevel[world]', x=1166.79, y=-0.19, z=-1118.90]
[08Apr2025 00:31:47.745] [Server thread/WARN] [net.minecraft.world.level.entity.PersistentEntitySectionManager/]: UUID of added entity already exists: EntityDragonPart['Dragon Part'/17480, l='ServerLevel[world]', x=1166.79, y=-0.19, z=-1118.90]
[08Apr2025 00:31:47.800] [Server thread/WARN] [net.minecraft.world.level.entity.PersistentEntitySectionManager/]: UUID of added entity already exists: EntityDragonPart['Dragon Part'/17480, l='ServerLevel[world]', x=1166.79, y=-0.19, z=-1118.90]
[08Apr2025 00:31:47.845] [Server thread/WARN] [net.minecraft.world.level.entity.PersistentEntitySectionManager/]: UUID of added entity already exists: EntityDragonPart['Dragon Part'/17480, l='ServerLevel[world]', x=1166.79, y=-0.19, z=-1118.90]
[08Apr2025 00:31:47.894] [Server thread/WARN] [net.minecraft.world.level.entity.PersistentEntitySectionManager/]: UUID of added entity already exists: EntityDragonPart['Dragon Part'/17480, l='ServerLevel[world]', x=1166.79, y=-0.19, z=-1118.90]
[08Apr2025 00:31:47.960] [Server thread/WARN] [net.minecraft.world.level.entity.PersistentEntitySectionManager/]: UUID of added entity already exists: EntityDragonPart['Dragon Part'/17480, l='ServerLevel[world]', x=1166.79, y=-0.19, z=-1118.90]
[08Apr2025 00:31:48.000] [Server thread/WARN] [net.minecraft.world.level.entity.PersistentEntitySectionManager/]: UUID of added entity already exists: EntityDragonPart['Dragon Part'/17480, l='ServerLevel[world]', x=1166.79, y=-0.19, z=-1118.90]
[08Apr2025 00:31:48.044] [Server thread/WARN] [net.minecraft.world.level.entity.PersistentEntitySectionManager/]: UUID of added entity already exists: EntityDragonPart['Dragon Part'/17480, l='ServerLevel[world]', x=1166.79, y=-0.19, z=-1118.90]
[08Apr2025 00:31:48.093] [Server thread/WARN] [net.minecraft.world.level.entity.PersistentEntitySectionManager/]: UUID of added entity already exists: EntityDragonPart['Dragon Part'/17480, l='ServerLevel[world]', x=1166.79, y=-0.19, z=-1118.90]
[08Apr2025 00:31:48.142] [Server thread/WARN] [net.minecraft.world.level.entity.PersistentEntitySectionManager/]: UUID of added entity already exists: EntityDragonPart['Dragon Part'/17480, l='ServerLevel[world]', x=1166.79, y=-0.19, z=-1118.90]
[08Apr2025 00:31:48.194] [Server thread/WARN] [net.minecraft.world.level.entity.PersistentEntitySectionManager/]: UUID of added entity already exists: EntityDragonPart['Dragon Part'/17480, l='ServerLevel[world]', x=1166.79, y=-0.19, z=-1118.90]
[08Apr2025 00:31:48.244] [Server thread/WARN] [net.minecraft.world.level.entity.PersistentEntitySectionManager/]: UUID of added entity already exists: EntityDragonPart['Dragon Part'/17480, l='ServerLevel[world]', x=1166.79, y=-0.19, z=-1118.90]
[08Apr2025 00:31:48.294] [Server thread/WARN] [net.minecraft.world.level.entity.PersistentEntitySectionManager/]: UUID of added entity already exists: EntityDragonPart['Dragon Part'/17480, l='ServerLevel[world]', x=1166.79, y=-0.19, z=-1118.90]
[08Apr2025 00:31:48.344] [Server thread/WARN] [net.minecraft.world.level.entity.PersistentEntitySectionManager/]: UUID of added entity already exists: EntityDragonPart['Dragon Part'/17480, l='ServerLevel[world]', x=1166.79, y=-0.19, z=-1118.90]
[08Apr2025 00:31:48.393] [Server thread/WARN] [net.minecraft.world.level.entity.PersistentEntitySectionManager/]: UUID of added entity already exists: EntityDragonPart['Dragon Part'/17480, l='ServerLevel[world]', x=1166.79, y=-0.19, z=-1118.90]
[08Apr2025 00:31:48.443] [Server thread/WARN] [net.minecraft.world.level.entity.PersistentEntitySectionManager/]: UUID of added entity already exists: EntityDragonPart['Dragon Part'/17480, l='ServerLevel[world]', x=1166.79, y=-0.19, z=-1118.90]
[08Apr2025 00:31:48.493] [Server thread/WARN] [net.minecraft.world.level.entity.PersistentEntitySectionManager/]: UUID of added entity already exists: EntityDragonPart['Dragon Part'/17480, l='ServerLevel[world]', x=1166.79, y=-0.19, z=-1118.90]
[08Apr2025 00:31:48.542] [Server thread/WARN] [net.minecraft.world.level.entity.PersistentEntitySectionManager/]: UUID of added entity already exists: EntityDragonPart['Dragon Part'/17480, l='ServerLevel[world]', x=1166.79, y=-0.19, z=-1118.90]
[08Apr2025 00:31:48.595] [Server thread/WARN] [net.minecraft.world.level.entity.PersistentEntitySectionManager/]: UUID of added entity already exists: EntityDragonPart['Dragon Part'/17480, l='ServerLevel[world]', x=1166.79, y=-0.19, z=-1118.90]
[08Apr2025 00:31:48.764] [Server thread/WARN] [net.minecraft.world.level.entity.PersistentEntitySectionManager/]: UUID of added entity already exists: EntityDragonPart['Dragon Part'/17480, l='ServerLevel[world]', x=1166.79, y=-0.19, z=-1118.90]
[08Apr2025 00:31:48.817] [Server thread/WARN] [net.minecraft.world.level.entity.PersistentEntitySectionManager/]: UUID of added entity already exists: EntityDragonPart['Dragon Part'/17480, l='ServerLevel[world]', x=1166.79, y=-0.19, z=-1118.90]
[08Apr2025 00:31:48.841] [Server thread/WARN] [net.minecraft.world.level.entity.PersistentEntitySectionManager/]: UUID of added entity already exists: EntityDragonPart['Dragon Part'/17480, l='ServerLevel[world]', x=1166.79, y=-0.19, z=-1118.90]
[08Apr2025 00:31:48.864] [Server thread/WARN] [net.minecraft.world.level.entity.PersistentEntitySectionManager/]: UUID of added entity already exists: EntityDragonPart['Dragon Part'/17480, l='ServerLevel[world]', x=1166.79, y=-0.19, z=-1118.90]
[08Apr2025 00:31:48.882] [Server thread/WARN] [net.minecraft.world.level.entity.PersistentEntitySectionManager/]: UUID of added entity already exists: EntityDragonPart['Dragon Part'/17480, l='ServerLevel[world]', x=1166.79, y=-0.19, z=-1118.90]
[08Apr2025 00:31:48.898] [Server thread/WARN] [net.minecraft.world.level.entity.PersistentEntitySectionManager/]: UUID of added entity already exists: EntityDragonPart['Dragon Part'/17480, l='ServerLevel[world]', x=1166.79, y=-0.19, z=-1118.90]
[08Apr2025 00:31:48.944] [Server thread/WARN] [net.minecraft.world.level.entity.PersistentEntitySectionManager/]: UUID of added entity already exists: EntityDragonPart['Dragon Part'/17480, l='ServerLevel[world]', x=1166.79, y=-0.19, z=-1118.90]
[08Apr2025 00:31:48.994] [Server thread/WARN] [net.minecraft.world.level.entity.PersistentEntitySectionManager/]: UUID of added entity already exists: EntityDragonPart['Dragon Part'/17480, l='ServerLevel[world]', x=1166.79, y=-0.19, z=-1118.90]
[08Apr2025 00:31:49.044] [Server thread/WARN] [net.minecraft.world.level.entity.PersistentEntitySectionManager/]: UUID of added entity already exists: EntityDragonPart['Dragon Part'/17480, l='ServerLevel[world]', x=1166.79, y=-0.19, z=-1118.90]
[08Apr2025 00:31:49.096] [Server thread/WARN] [net.minecraft.world.level.entity.PersistentEntitySectionManager/]: UUID of added entity already exists: EntityDragonPart['Dragon Part'/17480, l='ServerLevel[world]', x=1166.79, y=-0.19, z=-1118.90]
[08Apr2025 00:31:49.145] [Server thread/WARN] [net.minecraft.world.level.entity.PersistentEntitySectionManager/]: UUID of added entity already exists: EntityDragonPart['Dragon Part'/17480, l='ServerLevel[world]', x=1166.79, y=-0.19, z=-1118.90]
[08Apr2025 00:31:49.197] [Server thread/WARN] [net.minecraft.world.level.entity.PersistentEntitySectionManager/]: UUID of added entity already exists: EntityDragonPart['Dragon Part'/17480, l='ServerLevel[world]', x=1166.79, y=-0.19, z=-1118.90]
[08Apr2025 00:31:49.243] [Server thread/WARN] [net.minecraft.world.level.entity.PersistentEntitySectionManager/]: UUID of added entity already exists: EntityDragonPart['Dragon Part'/17480, l='ServerLevel[world]', x=1166.79, y=-0.19, z=-1118.90]
[08Apr2025 00:31:49.292] [Server thread/WARN] [net.minecraft.world.level.entity.PersistentEntitySectionManager/]: UUID of added entity already exists: EntityDragonPart['Dragon Part'/17480, l='ServerLevel[world]', x=1166.79, y=-0.19, z=-1118.90]
[08Apr2025 00:31:49.344] [Server thread/WARN] [net.minecraft.world.level.entity.PersistentEntitySectionManager/]: UUID of added entity already exists: EntityDragonPart['Dragon Part'/17480, l='ServerLevel[world]', x=1166.79, y=-0.19, z=-1118.90]
[08Apr2025 00:31:49.398] [Server thread/WARN] [net.minecraft.world.level.entity.PersistentEntitySectionManager/]: UUID of added entity already exists: EntityDragonPart['Dragon Part'/17480, l='ServerLevel[world]', x=1166.79, y=-0.19, z=-1118.90]
[08Apr2025 00:31:49.443] [Server thread/WARN] [net.minecraft.world.level.entity.PersistentEntitySectionManager/]: UUID of added entity already exists: EntityDragonPart['Dragon Part'/17480, l='ServerLevel[world]', x=1166.79, y=-0.19, z=-1118.90]
[08Apr2025 00:31:49.499] [Server thread/WARN] [net.minecraft.world.level.entity.PersistentEntitySectionManager/]: UUID of added entity already exists: EntityDragonPart['Dragon Part'/17480, l='ServerLevel[world]', x=1166.79, y=-0.19, z=-1118.90]
[08Apr2025 00:31:49.544] [Server thread/WARN] [net.minecraft.world.level.entity.PersistentEntitySectionManager/]: UUID of added entity already exists: EntityDragonPart['Dragon Part'/17480, l='ServerLevel[world]', x=1166.79, y=-0.19, z=-1118.90]
[08Apr2025 00:31:49.597] [Server thread/WARN] [net.minecraft.world.level.entity.PersistentEntitySectionManager/]: UUID of added entity already exists: EntityDragonPart['Dragon Part'/17480, l='ServerLevel[world]', x=1166.79, y=-0.19, z=-1118.90]
[08Apr2025 00:31:49.688] [Server thread/WARN] [net.minecraft.world.level.entity.PersistentEntitySectionManager/]: UUID of added entity already exists: EntityDragonPart['Dragon Part'/17480, l='ServerLevel[world]', x=1166.79, y=-0.19, z=-1118.90]
[08Apr2025 00:31:49.719] [Server thread/WARN] [net.minecraft.world.level.entity.PersistentEntitySectionManager/]: UUID of added entity already exists: EntityDragonPart['Dragon Part'/17480, l='ServerLevel[world]', x=1166.79, y=-0.19, z=-1118.90]
[08Apr2025 00:31:49.742] [Server thread/WARN] [net.minecraft.world.level.entity.PersistentEntitySectionManager/]: UUID of added entity already exists: EntityDragonPart['Dragon Part'/17480, l='ServerLevel[world]', x=1166.79, y=-0.19, z=-1118.90]
[08Apr2025 00:31:49.799] [Server thread/WARN] [net.minecraft.world.level.entity.PersistentEntitySectionManager/]: UUID of added entity already exists: EntityDragonPart['Dragon Part'/17480, l='ServerLevel[world]', x=1166.79, y=-0.19, z=-1118.90]
[08Apr2025 00:31:49.845] [Server thread/WARN] [net.minecraft.world.level.entity.PersistentEntitySectionManager/]: UUID of added entity already exists: EntityDragonPart['Dragon Part'/17480, l='ServerLevel[world]', x=1166.79, y=-0.19, z=-1118.90]
[08Apr2025 00:31:49.898] [Server thread/WARN] [net.minecraft.world.level.entity.PersistentEntitySectionManager/]: UUID of added entity already exists: EntityDragonPart['Dragon Part'/17480, l='ServerLevel[world]', x=1166.79, y=-0.19, z=-1118.90]
[08Apr2025 00:31:49.957] [Server thread/WARN] [net.minecraft.world.level.entity.PersistentEntitySectionManager/]: UUID of added entity already exists: EntityDragonPart['Dragon Part'/17480, l='ServerLevel[world]', x=1166.79, y=-0.19, z=-1118.90]
[08Apr2025 00:31:50.012] [Server thread/WARN] [net.minecraft.world.level.entity.PersistentEntitySectionManager/]: UUID of added entity already exists: EntityDragonPart['Dragon Part'/17480, l='ServerLevel[world]', x=1166.79, y=-0.19, z=-1118.90]
[08Apr2025 00:31:50.054] [Server thread/WARN] [net.minecraft.world.level.entity.PersistentEntitySectionManager/]: UUID of added entity already exists: EntityDragonPart['Dragon Part'/17480, l='ServerLevel[world]', x=1166.79, y=-0.19, z=-1118.90]
[08Apr2025 00:31:50.103] [Server thread/WARN] [net.minecraft.world.level.entity.PersistentEntitySectionManager/]: UUID of added entity already exists: EntityDragonPart['Dragon Part'/17480, l='ServerLevel[world]', x=1166.79, y=-0.19, z=-1118.90]
[08Apr2025 00:31:50.153] [Server thread/WARN] [net.minecraft.world.level.entity.PersistentEntitySectionManager/]: UUID of added entity already exists: EntityDragonPart['Dragon Part'/17480, l='ServerLevel[world]', x=1166.79, y=-0.19, z=-1118.90]
[08Apr2025 00:31:50.197] [Server thread/WARN] [net.minecraft.world.level.entity.PersistentEntitySectionManager/]: UUID of added entity already exists: EntityDragonPart['Dragon Part'/17480, l='ServerLevel[world]', x=1166.79, y=-0.19, z=-1118.90]
[08Apr2025 00:31:50.257] [Server thread/WARN] [net.minecraft.world.level.entity.PersistentEntitySectionManager/]: UUID of added entity already exists: EntityDragonPart['Dragon Part'/17480, l='ServerLevel[world]', x=1166.79, y=-0.19, z=-1118.90]
[08Apr2025 00:31:50.321] [Server thread/WARN] [net.minecraft.world.level.entity.PersistentEntitySectionManager/]: UUID of added entity already exists: EntityDragonPart['Dragon Part'/17480, l='ServerLevel[world]', x=1166.79, y=-0.19, z=-1118.90]
[08Apr2025 00:31:50.364] [Server thread/WARN] [net.minecraft.world.level.entity.PersistentEntitySectionManager/]: UUID of added entity already exists: EntityDragonPart['Dragon Part'/17480, l='ServerLevel[world]', x=1166.79, y=-0.19, z=-1118.90]
[08Apr2025 00:31:50.404] [Server thread/WARN] [net.minecraft.world.level.entity.PersistentEntitySectionManager/]: UUID of added entity already exists: EntityDragonPart['Dragon Part'/17480, l='ServerLevel[world]', x=1166.79, y=-0.19, z=-1118.90]
[08Apr2025 00:31:50.456] [Server thread/WARN] [net.minecraft.world.level.entity.PersistentEntitySectionManager/]: UUID of added entity already exists: EntityDragonPart['Dragon Part'/17480, l='ServerLevel[world]', x=1166.79, y=-0.19, z=-1118.90]
[08Apr2025 00:31:50.494] [Server thread/WARN] [net.minecraft.world.level.entity.PersistentEntitySectionManager/]: UUID of added entity already exists: EntityDragonPart['Dragon Part'/17480, l='ServerLevel[world]', x=1166.79, y=-0.19, z=-1118.90]
[08Apr2025 00:31:50.542] [Server thread/WARN] [net.minecraft.world.level.entity.PersistentEntitySectionManager/]: UUID of added entity already exists: EntityDragonPart['Dragon Part'/17480, l='ServerLevel[world]', x=1166.79, y=-0.19, z=-1118.90]
[08Apr2025 00:31:50.596] [Server thread/WARN] [net.minecraft.world.level.entity.PersistentEntitySectionManager/]: UUID of added entity already exists: EntityDragonPart['Dragon Part'/17480, l='ServerLevel[world]', x=1166.79, y=-0.19, z=-1118.90]
[08Apr2025 00:31:50.717] [Server thread/WARN] [net.minecraft.world.level.entity.PersistentEntitySectionManager/]: UUID of added entity already exists: EntityDragonPart['Dragon Part'/17480, l='ServerLevel[world]', x=1166.79, y=-0.19, z=-1118.90]
[08Apr2025 00:31:50.745] [Server thread/WARN] [net.minecraft.world.level.entity.PersistentEntitySectionManager/]: UUID of added entity already exists: EntityDragonPart['Dragon Part'/17480, l='ServerLevel[world]', x=1166.79, y=-0.19, z=-1118.90]
[08Apr2025 00:31:50.762] [Server thread/WARN] [net.minecraft.world.level.entity.PersistentEntitySectionManager/]: UUID of added entity already exists: EntityDragonPart['Dragon Part'/17480, l='ServerLevel[world]', x=1166.79, y=-0.19, z=-1118.90]
[08Apr2025 00:31:50.791] [Server thread/WARN] [net.minecraft.world.level.entity.PersistentEntitySectionManager/]: UUID of added entity already exists: EntityDragonPart['Dragon Part'/17480, l='ServerLevel[world]', x=1166.79, y=-0.19, z=-1118.90]
[08Apr2025 00:31:50.843] [Server thread/WARN] [net.minecraft.world.level.entity.PersistentEntitySectionManager/]: UUID of added entity already exists: EntityDragonPart['Dragon Part'/17480, l='ServerLevel[world]', x=1166.79, y=-0.19, z=-1118.90]
[08Apr2025 00:31:50.892] [Server thread/WARN] [net.minecraft.world.level.entity.PersistentEntitySectionManager/]: UUID of added entity already exists: EntityDragonPart['Dragon Part'/17480, l='ServerLevel[world]', x=1166.79, y=-0.19, z=-1118.90]
[08Apr2025 00:31:50.961] [Server thread/WARN] [net.minecraft.world.level.entity.PersistentEntitySectionManager/]: UUID of added entity already exists: EntityDragonPart['Dragon Part'/17480, l='ServerLevel[world]', x=1166.79, y=-0.19, z=-1118.90]
[08Apr2025 00:31:51.006] [Server thread/WARN] [net.minecraft.world.level.entity.PersistentEntitySectionManager/]: UUID of added entity already exists: EntityDragonPart['Dragon Part'/17480, l='ServerLevel[world]', x=1166.79, y=-0.19, z=-1118.90]
[08Apr2025 00:31:51.044] [Server thread/WARN] [net.minecraft.world.level.entity.PersistentEntitySectionManager/]: UUID of added entity already exists: EntityDragonPart['Dragon Part'/17480, l='ServerLevel[world]', x=1166.79, y=-0.19, z=-1118.90]
[08Apr2025 00:31:51.095] [Server thread/WARN] [net.minecraft.world.level.entity.PersistentEntitySectionManager/]: UUID of added entity already exists: EntityDragonPart['Dragon Part'/17480, l='ServerLevel[world]', x=1166.79, y=-0.19, z=-1118.90]
[08Apr2025 00:31:51.144] [Server thread/WARN] [net.minecraft.world.level.entity.PersistentEntitySectionManager/]: UUID of added entity already exists: EntityDragonPart['Dragon Part'/17480, l='ServerLevel[world]', x=1166.79, y=-0.19, z=-1118.90]
[08Apr2025 00:31:51.192] [Server thread/WARN] [net.minecraft.world.level.entity.PersistentEntitySectionManager/]: UUID of added entity already exists: EntityDragonPart['Dragon Part'/17480, l='ServerLevel[world]', x=1166.79, y=-0.19, z=-1118.90]
[08Apr2025 00:31:51.243] [Server thread/WARN] [net.minecraft.world.level.entity.PersistentEntitySectionManager/]: UUID of added entity already exists: EntityDragonPart['Dragon Part'/17480, l='ServerLevel[world]', x=1166.79, y=-0.19, z=-1118.90]
[08Apr2025 00:31:51.294] [Server thread/WARN] [net.minecraft.world.level.entity.PersistentEntitySectionManager/]: UUID of added entity already exists: EntityDragonPart['Dragon Part'/17480, l='ServerLevel[world]', x=1166.79, y=-0.19, z=-1118.90]
[08Apr2025 00:31:51.343] [Server thread/WARN] [net.minecraft.world.level.entity.PersistentEntitySectionManager/]: UUID of added entity already exists: EntityDragonPart['Dragon Part'/17480, l='ServerLevel[world]', x=1166.79, y=-0.19, z=-1118.90]
[08Apr2025 00:31:51.397] [Server thread/WARN] [net.minecraft.world.level.entity.PersistentEntitySectionManager/]: UUID of added entity already exists: EntityDragonPart['Dragon Part'/17480, l='ServerLevel[world]', x=1166.79, y=-0.19, z=-1118.90]
[08Apr2025 00:31:51.449] [Server thread/WARN] [net.minecraft.world.level.entity.PersistentEntitySectionManager/]: UUID of added entity already exists: EntityDragonPart['Dragon Part'/17480, l='ServerLevel[world]', x=1166.79, y=-0.19, z=-1118.90]
[08Apr2025 00:31:51.495] [Server thread/WARN] [net.minecraft.world.level.entity.PersistentEntitySectionManager/]: UUID of added entity already exists: EntityDragonPart['Dragon Part'/17480, l='ServerLevel[world]', x=1166.79, y=-0.19, z=-1118.90]
[08Apr2025 00:31:51.543] [Server thread/WARN] [net.minecraft.world.level.entity.PersistentEntitySectionManager/]: UUID of added entity already exists: EntityDragonPart['Dragon Part'/17480, l='ServerLevel[world]', x=1166.79, y=-0.19, z=-1118.90]
[08Apr2025 00:31:51.594] [Server thread/WARN] [net.minecraft.world.level.entity.PersistentEntitySectionManager/]: UUID of added entity already exists: EntityDragonPart['Dragon Part'/17480, l='ServerLevel[world]', x=1166.79, y=-0.19, z=-1118.90]
[08Apr2025 00:31:51.685] [Server thread/WARN] [net.minecraft.world.level.entity.PersistentEntitySectionManager/]: UUID of added entity already exists: EntityDragonPart['Dragon Part'/17480, l='ServerLevel[world]', x=1166.79, y=-0.19, z=-1118.90]
[08Apr2025 00:31:51.711] [Server thread/WARN] [net.minecraft.world.level.entity.PersistentEntitySectionManager/]: UUID of added entity already exists: EntityDragonPart['Dragon Part'/17480, l='ServerLevel[world]', x=1166.79, y=-0.19, z=-1118.90]
[08Apr2025 00:31:51.742] [Server thread/WARN] [net.minecraft.world.level.entity.PersistentEntitySectionManager/]: UUID of added entity already exists: EntityDragonPart['Dragon Part'/17480, l='ServerLevel[world]', x=1166.79, y=-0.19, z=-1118.90]
[08Apr2025 00:31:51.809] [Server thread/WARN] [net.minecraft.world.level.entity.PersistentEntitySectionManager/]: UUID of added entity already exists: EntityDragonPart['Dragon Part'/17480, l='ServerLevel[world]', x=1166.79, y=-0.19, z=-1118.90]
[08Apr2025 00:31:51.855] [Server thread/WARN] [net.minecraft.world.level.entity.PersistentEntitySectionManager/]: UUID of added entity already exists: EntityDragonPart['Dragon Part'/17480, l='ServerLevel[world]', x=1166.79, y=-0.19, z=-1118.90]
[08Apr2025 00:31:51.902] [Server thread/WARN] [net.minecraft.world.level.entity.PersistentEntitySectionManager/]: UUID of added entity already exists: EntityDragonPart['Dragon Part'/17480, l='ServerLevel[world]', x=1166.79, y=-0.19, z=-1118.90]
[08Apr2025 00:31:51.943] [Server thread/WARN] [net.minecraft.world.level.entity.PersistentEntitySectionManager/]: UUID of added entity already exists: EntityDragonPart['Dragon Part'/17480, l='ServerLevel[world]', x=1166.79, y=-0.19, z=-1118.90]
[08Apr2025 00:31:51.994] [Server thread/WARN] [net.minecraft.world.level.entity.PersistentEntitySectionManager/]: UUID of added entity already exists: EntityDragonPart['Dragon Part'/17480, l='ServerLevel[world]', x=1166.79, y=-0.19, z=-1118.90]
[08Apr2025 00:31:52.047] [Server thread/WARN] [net.minecraft.world.level.entity.PersistentEntitySectionManager/]: UUID of added entity already exists: EntityDragonPart['Dragon Part'/17480, l='ServerLevel[world]', x=1166.79, y=-0.19, z=-1118.90]
[08Apr2025 00:31:52.094] [Server thread/WARN] [net.minecraft.world.level.entity.PersistentEntitySectionManager/]: UUID of added entity already exists: EntityDragonPart['Dragon Part'/17480, l='ServerLevel[world]', x=1166.79, y=-0.19, z=-1118.90]
[08Apr2025 00:31:52.143] [Server thread/WARN] [net.minecraft.world.level.entity.PersistentEntitySectionManager/]: UUID of added entity already exists: EntityDragonPart['Dragon Part'/17480, l='ServerLevel[world]', x=1166.79, y=-0.19, z=-1118.90]
[08Apr2025 00:31:52.215] [Server thread/WARN] [net.minecraft.world.level.entity.PersistentEntitySectionManager/]: UUID of added entity already exists: EntityDragonPart['Dragon Part'/17480, l='ServerLevel[world]', x=1166.79, y=-0.19, z=-1118.90]
[08Apr2025 00:31:52.243] [Server thread/WARN] [net.minecraft.world.level.entity.PersistentEntitySectionManager/]: UUID of added entity already exists: EntityDragonPart['Dragon Part'/17480, l='ServerLevel[world]', x=1166.79, y=-0.19, z=-1118.90]
[08Apr2025 00:31:52.295] [Server thread/WARN] [net.minecraft.world.level.entity.PersistentEntitySectionManager/]: UUID of added entity already exists: EntityDragonPart['Dragon Part'/17480, l='ServerLevel[world]', x=1166.79, y=-0.19, z=-1118.90]
[08Apr2025 00:31:52.342] [Server thread/WARN] [net.minecraft.world.level.entity.PersistentEntitySectionManager/]: UUID of added entity already exists: EntityDragonPart['Dragon Part'/17480, l='ServerLevel[world]', x=1166.79, y=-0.19, z=-1118.90]
[08Apr2025 00:31:52.394] [Server thread/WARN] [net.minecraft.world.level.entity.PersistentEntitySectionManager/]: UUID of added entity already exists: EntityDragonPart['Dragon Part'/17480, l='ServerLevel[world]', x=1166.79, y=-0.19, z=-1118.90]
[08Apr2025 00:31:52.449] [Server thread/WARN] [net.minecraft.world.level.entity.PersistentEntitySectionManager/]: UUID of added entity already exists: EntityDragonPart['Dragon Part'/17480, l='ServerLevel[world]', x=1166.79, y=-0.19, z=-1118.90]
[08Apr2025 00:31:52.494] [Server thread/WARN] [net.minecraft.world.level.entity.PersistentEntitySectionManager/]: UUID of added entity already exists: EntityDragonPart['Dragon Part'/17480, l='ServerLevel[world]', x=1166.79, y=-0.19, z=-1118.90]
[08Apr2025 00:31:52.543] [Server thread/WARN] [net.minecraft.world.level.entity.PersistentEntitySectionManager/]: UUID of added entity already exists: EntityDragonPart['Dragon Part'/17480, l='ServerLevel[world]', x=1166.79, y=-0.19, z=-1118.90]
[08Apr2025 00:31:52.595] [Server thread/WARN] [net.minecraft.world.level.entity.PersistentEntitySectionManager/]: UUID of added entity already exists: EntityDragonPart['Dragon Part'/17480, l='ServerLevel[world]', x=1166.79, y=-0.19, z=-1118.90]
[08Apr2025 00:31:52.685] [Server thread/WARN] [net.minecraft.world.level.entity.PersistentEntitySectionManager/]: UUID of added entity already exists: EntityDragonPart['Dragon Part'/17480, l='ServerLevel[world]', x=1166.79, y=-0.19, z=-1118.90]
[08Apr2025 00:31:52.715] [Server thread/WARN] [net.minecraft.world.level.entity.PersistentEntitySectionManager/]: UUID of added entity already exists: EntityDragonPart['Dragon Part'/17480, l='ServerLevel[world]', x=1166.79, y=-0.19, z=-1118.90]
[08Apr2025 00:31:52.743] [Server thread/WARN] [net.minecraft.world.level.entity.PersistentEntitySectionManager/]: UUID of added entity already exists: EntityDragonPart['Dragon Part'/17480, l='ServerLevel[world]', x=1166.79, y=-0.19, z=-1118.90]
[08Apr2025 00:31:52.791] [Server thread/WARN] [net.minecraft.world.level.entity.PersistentEntitySectionManager/]: UUID of added entity already exists: EntityDragonPart['Dragon Part'/17480, l='ServerLevel[world]', x=1166.79, y=-0.19, z=-1118.90]
[08Apr2025 00:31:52.844] [Server thread/WARN] [net.minecraft.world.level.entity.PersistentEntitySectionManager/]: UUID of added entity already exists: EntityDragonPart['Dragon Part'/17480, l='ServerLevel[world]', x=1166.79, y=-0.19, z=-1118.90]
[08Apr2025 00:31:52.896] [Server thread/WARN] [net.minecraft.world.level.entity.PersistentEntitySectionManager/]: UUID of added entity already exists: EntityDragonPart['Dragon Part'/17480, l='ServerLevel[world]', x=1166.79, y=-0.19, z=-1118.90]
[08Apr2025 00:31:52.944] [Server thread/WARN] [net.minecraft.world.level.entity.PersistentEntitySectionManager/]: UUID of added entity already exists: EntityDragonPart['Dragon Part'/17480, l='ServerLevel[world]', x=1166.79, y=-0.19, z=-1118.90]
[08Apr2025 00:31:52.995] [Server thread/WARN] [net.minecraft.world.level.entity.PersistentEntitySectionManager/]: UUID of added entity already exists: EntityDragonPart['Dragon Part'/17480, l='ServerLevel[world]', x=1166.79, y=-0.19, z=-1118.90]
[08Apr2025 00:31:53.043] [Server thread/WARN] [net.minecraft.world.level.entity.PersistentEntitySectionManager/]: UUID of added entity already exists: EntityDragonPart['Dragon Part'/17480, l='ServerLevel[world]', x=1166.79, y=-0.19, z=-1118.90]
[08Apr2025 00:31:53.094] [Server thread/WARN] [net.minecraft.world.level.entity.PersistentEntitySectionManager/]: UUID of added entity already exists: EntityDragonPart['Dragon Part'/17480, l='ServerLevel[world]', x=1166.79, y=-0.19, z=-1118.90]
[08Apr2025 00:31:53.148] [Server thread/WARN] [net.minecraft.world.level.entity.PersistentEntitySectionManager/]: UUID of added entity already exists: EntityDragonPart['Dragon Part'/17480, l='ServerLevel[world]', x=1166.79, y=-0.19, z=-1118.90]
[08Apr2025 00:31:53.192] [Server thread/WARN] [net.minecraft.world.level.entity.PersistentEntitySectionManager/]: UUID of added entity already exists: EntityDragonPart['Dragon Part'/17480, l='ServerLevel[world]', x=1166.79, y=-0.19, z=-1118.90]
[08Apr2025 00:31:53.243] [Server thread/WARN] [net.minecraft.world.level.entity.PersistentEntitySectionManager/]: UUID of added entity already exists: EntityDragonPart['Dragon Part'/17480, l='ServerLevel[world]', x=1166.79, y=-0.19, z=-1118.90]
[08Apr2025 00:31:53.293] [Server thread/WARN] [net.minecraft.world.level.entity.PersistentEntitySectionManager/]: UUID of added entity already exists: EntityDragonPart['Dragon Part'/17480, l='ServerLevel[world]', x=1166.79, y=-0.19, z=-1118.90]
[08Apr2025 00:31:53.345] [Server thread/WARN] [net.minecraft.world.level.entity.PersistentEntitySectionManager/]: UUID of added entity already exists: EntityDragonPart['Dragon Part'/17480, l='ServerLevel[world]', x=1166.79, y=-0.19, z=-1118.90]
[08Apr2025 00:31:53.395] [Server thread/WARN] [net.minecraft.world.level.entity.PersistentEntitySectionManager/]: UUID of added entity already exists: EntityDragonPart['Dragon Part'/17480, l='ServerLevel[world]', x=1166.79, y=-0.19, z=-1118.90]
[08Apr2025 00:31:53.444] [Server thread/WARN] [net.minecraft.world.level.entity.PersistentEntitySectionManager/]: UUID of added entity already exists: EntityDragonPart['Dragon Part'/17480, l='ServerLevel[world]', x=1166.79, y=-0.19, z=-1118.90]
[08Apr2025 00:31:53.496] [Server thread/WARN] [net.minecraft.world.level.entity.PersistentEntitySectionManager/]: UUID of added entity already exists: EntityDragonPart['Dragon Part'/17480, l='ServerLevel[world]', x=1166.79, y=-0.19, z=-1118.90]
[08Apr2025 00:31:53.543] [Server thread/WARN] [net.minecraft.world.level.entity.PersistentEntitySectionManager/]: UUID of added entity already exists: EntityDragonPart['Dragon Part'/17480, l='ServerLevel[world]', x=1166.79, y=-0.19, z=-1118.90]
[08Apr2025 00:31:53.596] [Server thread/WARN] [net.minecraft.world.level.entity.PersistentEntitySectionManager/]: UUID of added entity already exists: EntityDragonPart['Dragon Part'/17480, l='ServerLevel[world]', x=1166.79, y=-0.19, z=-1118.90]
[08Apr2025 00:31:53.686] [Server thread/WARN] [net.minecraft.world.level.entity.PersistentEntitySectionManager/]: UUID of added entity already exists: EntityDragonPart['Dragon Part'/17480, l='ServerLevel[world]', x=1166.79, y=-0.19, z=-1118.90]
[08Apr2025 00:31:53.713] [Server thread/WARN] [net.minecraft.world.level.entity.PersistentEntitySectionManager/]: UUID of added entity already exists: EntityDragonPart['Dragon Part'/17480, l='ServerLevel[world]', x=1166.79, y=-0.19, z=-1118.90]
[08Apr2025 00:31:53.744] [Server thread/WARN] [net.minecraft.world.level.entity.PersistentEntitySectionManager/]: UUID of added entity already exists: EntityDragonPart['Dragon Part'/17480, l='ServerLevel[world]', x=1166.79, y=-0.19, z=-1118.90]
[08Apr2025 00:31:53.794] [Server thread/WARN] [net.minecraft.world.level.entity.PersistentEntitySectionManager/]: UUID of added entity already exists: EntityDragonPart['Dragon Part'/17480, l='ServerLevel[world]', x=1166.79, y=-0.19, z=-1118.90]
[08Apr2025 00:31:53.845] [Server thread/WARN] [net.minecraft.world.level.entity.PersistentEntitySectionManager/]: UUID of added entity already exists: EntityDragonPart['Dragon Part'/17480, l='ServerLevel[world]', x=1166.79, y=-0.19, z=-1118.90]
[08Apr2025 00:31:53.894] [Server thread/WARN] [net.minecraft.world.level.entity.PersistentEntitySectionManager/]: UUID of added entity already exists: EntityDragonPart['Dragon Part'/17480, l='ServerLevel[world]', x=1166.79, y=-0.19, z=-1118.90]
[08Apr2025 00:31:53.952] [Server thread/WARN] [net.minecraft.world.level.entity.PersistentEntitySectionManager/]: UUID of added entity already exists: EntityDragonPart['Dragon Part'/17480, l='ServerLevel[world]', x=1166.79, y=-0.19, z=-1118.90]
[08Apr2025 00:31:53.995] [Server thread/WARN] [net.minecraft.world.level.entity.PersistentEntitySectionManager/]: UUID of added entity already exists: EntityDragonPart['Dragon Part'/17480, l='ServerLevel[world]', x=1166.79, y=-0.19, z=-1118.90]
[08Apr2025 00:31:54.043] [Server thread/WARN] [net.minecraft.world.level.entity.PersistentEntitySectionManager/]: UUID of added entity already exists: EntityDragonPart['Dragon Part'/17480, l='ServerLevel[world]', x=1166.79, y=-0.19, z=-1118.90]
[08Apr2025 00:31:54.095] [Server thread/WARN] [net.minecraft.world.level.entity.PersistentEntitySectionManager/]: UUID of added entity already exists: EntityDragonPart['Dragon Part'/17480, l='ServerLevel[world]', x=1166.79, y=-0.19, z=-1118.90]
[08Apr2025 00:31:54.145] [Server thread/WARN] [net.minecraft.world.level.entity.PersistentEntitySectionManager/]: UUID of added entity already exists: EntityDragonPart['Dragon Part'/17480, l='ServerLevel[world]', x=1166.79, y=-0.19, z=-1118.90]
[08Apr2025 00:31:54.193] [Server thread/WARN] [net.minecraft.world.level.entity.PersistentEntitySectionManager/]: UUID of added entity already exists: EntityDragonPart['Dragon Part'/17480, l='ServerLevel[world]', x=1166.79, y=-0.19, z=-1118.90]
[08Apr2025 00:31:54.242] [Server thread/WARN] [net.minecraft.world.level.entity.PersistentEntitySectionManager/]: UUID of added entity already exists: EntityDragonPart['Dragon Part'/17480, l='ServerLevel[world]', x=1166.79, y=-0.19, z=-1118.90]
[08Apr2025 00:31:54.294] [Server thread/WARN] [net.minecraft.world.level.entity.PersistentEntitySectionManager/]: UUID of added entity already exists: EntityDragonPart['Dragon Part'/17480, l='ServerLevel[world]', x=1166.79, y=-0.19, z=-1118.90]
[08Apr2025 00:31:54.342] [Server thread/WARN] [net.minecraft.world.level.entity.PersistentEntitySectionManager/]: UUID of added entity already exists: EntityDragonPart['Dragon Part'/17480, l='ServerLevel[world]', x=1166.79, y=-0.19, z=-1118.90]
[08Apr2025 00:31:54.394] [Server thread/WARN] [net.minecraft.world.level.entity.PersistentEntitySectionManager/]: UUID of added entity already exists: EntityDragonPart['Dragon Part'/17480, l='ServerLevel[world]', x=1166.79, y=-0.19, z=-1118.90]
[08Apr2025 00:31:54.444] [Server thread/WARN] [net.minecraft.world.level.entity.PersistentEntitySectionManager/]: UUID of added entity already exists: EntityDragonPart['Dragon Part'/17480, l='ServerLevel[world]', x=1166.79, y=-0.19, z=-1118.90]
[08Apr2025 00:31:54.494] [Server thread/WARN] [net.minecraft.world.level.entity.PersistentEntitySectionManager/]: UUID of added entity already exists: EntityDragonPart['Dragon Part'/17480, l='ServerLevel[world]', x=1166.79, y=-0.19, z=-1118.90]
[08Apr2025 00:31:54.544] [Server thread/WARN] [net.minecraft.world.level.entity.PersistentEntitySectionManager/]: UUID of added entity already exists: EntityDragonPart['Dragon Part'/17480, l='ServerLevel[world]', x=1166.79, y=-0.19, z=-1118.90]
[08Apr2025 00:31:54.593] [Server thread/WARN] [net.minecraft.world.level.entity.PersistentEntitySectionManager/]: UUID of added entity already exists: EntityDragonPart['Dragon Part'/17480, l='ServerLevel[world]', x=1166.79, y=-0.19, z=-1118.90]
[08Apr2025 00:31:54.683] [Server thread/WARN] [net.minecraft.world.level.entity.PersistentEntitySectionManager/]: UUID of added entity already exists: EntityDragonPart['Dragon Part'/17480, l='ServerLevel[world]', x=1166.79, y=-0.19, z=-1118.90]
[08Apr2025 00:31:54.710] [Server thread/WARN] [net.minecraft.world.level.entity.PersistentEntitySectionManager/]: UUID of added entity already exists: EntityDragonPart['Dragon Part'/17480, l='ServerLevel[world]', x=1166.79, y=-0.19, z=-1118.90]
[08Apr2025 00:31:54.742] [Server thread/WARN] [net.minecraft.world.level.entity.PersistentEntitySectionManager/]: UUID of added entity already exists: EntityDragonPart['Dragon Part'/17480, l='ServerLevel[world]', x=1166.79, y=-0.19, z=-1118.90]
[08Apr2025 00:31:54.792] [Server thread/WARN] [net.minecraft.world.level.entity.PersistentEntitySectionManager/]: UUID of added entity already exists: EntityDragonPart['Dragon Part'/17480, l='ServerLevel[world]', x=1166.79, y=-0.19, z=-1118.90]
[08Apr2025 00:31:54.841] [Server thread/WARN] [net.minecraft.world.level.entity.PersistentEntitySectionManager/]: UUID of added entity already exists: EntityDragonPart['Dragon Part'/17480, l='ServerLevel[world]', x=1166.79, y=-0.19, z=-1118.90]
[08Apr2025 00:31:54.895] [Server thread/WARN] [net.minecraft.world.level.entity.PersistentEntitySectionManager/]: UUID of added entity already exists: EntityDragonPart['Dragon Part'/17480, l='ServerLevel[world]', x=1166.79, y=-0.19, z=-1118.90]
[08Apr2025 00:31:54.943] [Server thread/WARN] [net.minecraft.world.level.entity.PersistentEntitySectionManager/]: UUID of added entity already exists: EntityDragonPart['Dragon Part'/17480, l='ServerLevel[world]', x=1166.79, y=-0.19, z=-1118.90]
[08Apr2025 00:31:54.994] [Server thread/WARN] [net.minecraft.world.level.entity.PersistentEntitySectionManager/]: UUID of added entity already exists: EntityDragonPart['Dragon Part'/17480, l='ServerLevel[world]', x=1166.79, y=-0.19, z=-1118.90]
[08Apr2025 00:31:55.042] [Server thread/WARN] [net.minecraft.world.level.entity.PersistentEntitySectionManager/]: UUID of added entity already exists: EntityDragonPart['Dragon Part'/17480, l='ServerLevel[world]', x=1166.79, y=-0.19, z=-1118.90]
[08Apr2025 00:31:55.096] [Server thread/WARN] [net.minecraft.world.level.entity.PersistentEntitySectionManager/]: UUID of added entity already exists: EntityDragonPart['Dragon Part'/17480, l='ServerLevel[world]', x=1166.79, y=-0.19, z=-1118.90]
[08Apr2025 00:31:55.142] [Server thread/WARN] [net.minecraft.world.level.entity.PersistentEntitySectionManager/]: UUID of added entity already exists: EntityDragonPart['Dragon Part'/17480, l='ServerLevel[world]', x=1166.79, y=-0.19, z=-1118.90]
[08Apr2025 00:31:55.195] [Server thread/WARN] [net.minecraft.world.level.entity.PersistentEntitySectionManager/]: UUID of added entity already exists: EntityDragonPart['Dragon Part'/17480, l='ServerLevel[world]', x=1166.79, y=-0.19, z=-1118.90]
[08Apr2025 00:31:55.245] [Server thread/WARN] [net.minecraft.world.level.entity.PersistentEntitySectionManager/]: UUID of added entity already exists: EntityDragonPart['Dragon Part'/17480, l='ServerLevel[world]', x=1166.79, y=-0.19, z=-1118.90]
[08Apr2025 00:31:55.300] [Server thread/WARN] [net.minecraft.world.level.entity.PersistentEntitySectionManager/]: UUID of added entity already exists: EntityDragonPart['Dragon Part'/17480, l='ServerLevel[world]', x=1166.79, y=-0.19, z=-1118.90]
[08Apr2025 00:31:55.345] [Server thread/WARN] [net.minecraft.world.level.entity.PersistentEntitySectionManager/]: UUID of added entity already exists: EntityDragonPart['Dragon Part'/17480, l='ServerLevel[world]', x=1166.79, y=-0.19, z=-1118.90]
[08Apr2025 00:31:55.395] [Server thread/WARN] [net.minecraft.world.level.entity.PersistentEntitySectionManager/]: UUID of added entity already exists: EntityDragonPart['Dragon Part'/17480, l='ServerLevel[world]', x=1166.79, y=-0.19, z=-1118.90]
[08Apr2025 00:31:55.443] [Server thread/WARN] [net.minecraft.world.level.entity.PersistentEntitySectionManager/]: UUID of added entity already exists: EntityDragonPart['Dragon Part'/17480, l='ServerLevel[world]', x=1166.79, y=-0.19, z=-1118.90]
[08Apr2025 00:31:55.495] [Server thread/WARN] [net.minecraft.world.level.entity.PersistentEntitySectionManager/]: UUID of added entity already exists: EntityDragonPart['Dragon Part'/17480, l='ServerLevel[world]', x=1166.79, y=-0.19, z=-1118.90]
[08Apr2025 00:31:55.546] [Server thread/WARN] [net.minecraft.world.level.entity.PersistentEntitySectionManager/]: UUID of added entity already exists: EntityDragonPart['Dragon Part'/17480, l='ServerLevel[world]', x=1166.79, y=-0.19, z=-1118.90]
[08Apr2025 00:31:55.596] [Server thread/WARN] [net.minecraft.world.level.entity.PersistentEntitySectionManager/]: UUID of added entity already exists: EntityDragonPart['Dragon Part'/17480, l='ServerLevel[world]', x=1166.79, y=-0.19, z=-1118.90]
[08Apr2025 00:31:55.686] [Server thread/WARN] [net.minecraft.world.level.entity.PersistentEntitySectionManager/]: UUID of added entity already exists: EntityDragonPart['Dragon Part'/17480, l='ServerLevel[world]', x=1166.79, y=-0.19, z=-1118.90]
[08Apr2025 00:31:55.712] [Server thread/WARN] [net.minecraft.world.level.entity.PersistentEntitySectionManager/]: UUID of added entity already exists: EntityDragonPart['Dragon Part'/17480, l='ServerLevel[world]', x=1166.79, y=-0.19, z=-1118.90]
[08Apr2025 00:31:55.742] [Server thread/WARN] [net.minecraft.world.level.entity.PersistentEntitySectionManager/]: UUID of added entity already exists: EntityDragonPart['Dragon Part'/17480, l='ServerLevel[world]', x=1166.79, y=-0.19, z=-1118.90]
[08Apr2025 00:31:55.795] [Server thread/WARN] [net.minecraft.world.level.entity.PersistentEntitySectionManager/]: UUID of added entity already exists: EntityDragonPart['Dragon Part'/17480, l='ServerLevel[world]', x=1166.79, y=-0.19, z=-1118.90]
[08Apr2025 00:31:55.843] [Server thread/WARN] [net.minecraft.world.level.entity.PersistentEntitySectionManager/]: UUID of added entity already exists: EntityDragonPart['Dragon Part'/17480, l='ServerLevel[world]', x=1166.79, y=-0.19, z=-1118.90]
[08Apr2025 00:31:55.893] [Server thread/WARN] [net.minecraft.world.level.entity.PersistentEntitySectionManager/]: UUID of added entity already exists: EntityDragonPart['Dragon Part'/17480, l='ServerLevel[world]', x=1166.79, y=-0.19, z=-1118.90]
[08Apr2025 00:31:55.943] [Server thread/WARN] [net.minecraft.world.level.entity.PersistentEntitySectionManager/]: UUID of added entity already exists: EntityDragonPart['Dragon Part'/17480, l='ServerLevel[world]', x=1166.79, y=-0.19, z=-1118.90]
[08Apr2025 00:31:56.008] [Server thread/WARN] [net.minecraft.world.level.entity.PersistentEntitySectionManager/]: UUID of added entity already exists: EntityDragonPart['Dragon Part'/17480, l='ServerLevel[world]', x=1166.79, y=-0.19, z=-1118.90]
[08Apr2025 00:31:56.051] [Server thread/WARN] [net.minecraft.world.level.entity.PersistentEntitySectionManager/]: UUID of added entity already exists: EntityDragonPart['Dragon Part'/17480, l='ServerLevel[world]', x=1166.79, y=-0.19, z=-1118.90]
[08Apr2025 00:31:56.099] [Server thread/WARN] [net.minecraft.world.level.entity.PersistentEntitySectionManager/]: UUID of added entity already exists: EntityDragonPart['Dragon Part'/17480, l='ServerLevel[world]', x=1166.79, y=-0.19, z=-1118.90]
[08Apr2025 00:31:56.142] [Server thread/WARN] [net.minecraft.world.level.entity.PersistentEntitySectionManager/]: UUID of added entity already exists: EntityDragonPart['Dragon Part'/17480, l='ServerLevel[world]', x=1166.79, y=-0.19, z=-1118.90]
[08Apr2025 00:31:56.193] [Server thread/WARN] [net.minecraft.world.level.entity.PersistentEntitySectionManager/]: UUID of added entity already exists: EntityDragonPart['Dragon Part'/17480, l='ServerLevel[world]', x=1166.79, y=-0.19, z=-1118.90]
[08Apr2025 00:31:56.242] [Server thread/WARN] [net.minecraft.world.level.entity.PersistentEntitySectionManager/]: UUID of added entity already exists: EntityDragonPart['Dragon Part'/17480, l='ServerLevel[world]', x=1166.79, y=-0.19, z=-1118.90]
[08Apr2025 00:31:56.294] [Server thread/WARN] [net.minecraft.world.level.entity.PersistentEntitySectionManager/]: UUID of added entity already exists: EntityDragonPart['Dragon Part'/17480, l='ServerLevel[world]', x=1166.79, y=-0.19, z=-1118.90]
[08Apr2025 00:31:56.349] [Server thread/WARN] [net.minecraft.world.level.entity.PersistentEntitySectionManager/]: UUID of added entity already exists: EntityDragonPart['Dragon Part'/17480, l='ServerLevel[world]', x=1166.79, y=-0.19, z=-1118.90]
[08Apr2025 00:31:56.394] [Server thread/WARN] [net.minecraft.world.level.entity.PersistentEntitySectionManager/]: UUID of added entity already exists: EntityDragonPart['Dragon Part'/17480, l='ServerLevel[world]', x=1166.79, y=-0.19, z=-1118.90]
[08Apr2025 00:31:56.443] [Server thread/WARN] [net.minecraft.world.level.entity.PersistentEntitySectionManager/]: UUID of added entity already exists: EntityDragonPart['Dragon Part'/17480, l='ServerLevel[world]', x=1166.79, y=-0.19, z=-1118.90]
[08Apr2025 00:31:56.501] [Server thread/WARN] [net.minecraft.world.level.entity.PersistentEntitySectionManager/]: UUID of added entity already exists: EntityDragonPart['Dragon Part'/17480, l='ServerLevel[world]', x=1166.79, y=-0.19, z=-1118.90]
[08Apr2025 00:31:56.543] [Server thread/WARN] [net.minecraft.world.level.entity.PersistentEntitySectionManager/]: UUID of added entity already exists: EntityDragonPart['Dragon Part'/17480, l='ServerLevel[world]', x=1166.79, y=-0.19, z=-1118.90]
[08Apr2025 00:31:56.594] [Server thread/WARN] [net.minecraft.world.level.entity.PersistentEntitySectionManager/]: UUID of added entity already exists: EntityDragonPart['Dragon Part'/17480, l='ServerLevel[world]', x=1166.79, y=-0.19, z=-1118.90]
[08Apr2025 00:31:56.683] [Server thread/WARN] [net.minecraft.world.level.entity.PersistentEntitySectionManager/]: UUID of added entity already exists: EntityDragonPart['Dragon Part'/17480, l='ServerLevel[world]', x=1166.79, y=-0.19, z=-1118.90]
[08Apr2025 00:31:56.712] [Server thread/WARN] [net.minecraft.world.level.entity.PersistentEntitySectionManager/]: UUID of added entity already exists: EntityDragonPart['Dragon Part'/17480, l='ServerLevel[world]', x=1166.79, y=-0.19, z=-1118.90]
[08Apr2025 00:31:56.743] [Server thread/WARN] [net.minecraft.world.level.entity.PersistentEntitySectionManager/]: UUID of added entity already exists: EntityDragonPart['Dragon Part'/17480, l='ServerLevel[world]', x=1166.79, y=-0.19, z=-1118.90]
[08Apr2025 00:31:56.794] [Server thread/WARN] [net.minecraft.world.level.entity.PersistentEntitySectionManager/]: UUID of added entity already exists: EntityDragonPart['Dragon Part'/17480, l='ServerLevel[world]', x=1166.79, y=-0.19, z=-1118.90]
[08Apr2025 00:31:56.842] [Server thread/WARN] [net.minecraft.world.level.entity.PersistentEntitySectionManager/]: UUID of added entity already exists: EntityDragonPart['Dragon Part'/17480, l='ServerLevel[world]', x=1166.79, y=-0.19, z=-1118.90]
[08Apr2025 00:31:56.893] [Server thread/WARN] [net.minecraft.world.level.entity.PersistentEntitySectionManager/]: UUID of added entity already exists: EntityDragonPart['Dragon Part'/17480, l='ServerLevel[world]', x=1166.79, y=-0.19, z=-1118.90]
[08Apr2025 00:31:56.942] [Server thread/WARN] [net.minecraft.world.level.entity.PersistentEntitySectionManager/]: UUID of added entity already exists: EntityDragonPart['Dragon Part'/17480, l='ServerLevel[world]', x=1166.79, y=-0.19, z=-1118.90]
[08Apr2025 00:31:56.994] [Server thread/WARN] [net.minecraft.world.level.entity.PersistentEntitySectionManager/]: UUID of added entity already exists: EntityDragonPart['Dragon Part'/17480, l='ServerLevel[world]', x=1166.79, y=-0.19, z=-1118.90]
[08Apr2025 00:31:57.044] [Server thread/WARN] [net.minecraft.world.level.entity.PersistentEntitySectionManager/]: UUID of added entity already exists: EntityDragonPart['Dragon Part'/17480, l='ServerLevel[world]', x=1166.79, y=-0.19, z=-1118.90]
[08Apr2025 00:31:57.093] [Server thread/WARN] [net.minecraft.world.level.entity.PersistentEntitySectionManager/]: UUID of added entity already exists: EntityDragonPart['Dragon Part'/17480, l='ServerLevel[world]', x=1166.79, y=-0.19, z=-1118.90]
[08Apr2025 00:31:57.144] [Server thread/WARN] [net.minecraft.world.level.entity.PersistentEntitySectionManager/]: UUID of added entity already exists: EntityDragonPart['Dragon Part'/17480, l='ServerLevel[world]', x=1166.79, y=-0.19, z=-1118.90]
[08Apr2025 00:31:57.192] [Server thread/WARN] [net.minecraft.world.level.entity.PersistentEntitySectionManager/]: UUID of added entity already exists: EntityDragonPart['Dragon Part'/17480, l='ServerLevel[world]', x=1166.79, y=-0.19, z=-1118.90]
[08Apr2025 00:31:57.266] [Server thread/WARN] [net.minecraft.world.level.entity.PersistentEntitySectionManager/]: UUID of added entity already exists: EntityDragonPart['Dragon Part'/17480, l='ServerLevel[world]', x=1166.79, y=-0.19, z=-1118.90]
[08Apr2025 00:31:57.339] [Server thread/WARN] [net.minecraft.world.level.entity.PersistentEntitySectionManager/]: UUID of added entity already exists: EntityDragonPart['Dragon Part'/17480, l='ServerLevel[world]', x=1166.79, y=-0.19, z=-1118.90]
[08Apr2025 00:31:57.355] [Server thread/WARN] [net.minecraft.world.level.entity.PersistentEntitySectionManager/]: UUID of added entity already exists: EntityDragonPart['Dragon Part'/17480, l='ServerLevel[world]', x=1166.79, y=-0.19, z=-1118.90]
[08Apr2025 00:31:57.394] [Server thread/WARN] [net.minecraft.world.level.entity.PersistentEntitySectionManager/]: UUID of added entity already exists: EntityDragonPart['Dragon Part'/17480, l='ServerLevel[world]', x=1166.79, y=-0.19, z=-1118.90]
[08Apr2025 00:31:57.444] [Server thread/WARN] [net.minecraft.world.level.entity.PersistentEntitySectionManager/]: UUID of added entity already exists: EntityDragonPart['Dragon Part'/17480, l='ServerLevel[world]', x=1166.79, y=-0.19, z=-1118.90]
[08Apr2025 00:31:57.510] [Server thread/WARN] [net.minecraft.world.level.entity.PersistentEntitySectionManager/]: UUID of added entity already exists: EntityDragonPart['Dragon Part'/17480, l='ServerLevel[world]', x=1166.79, y=-0.19, z=-1118.90]
[08Apr2025 00:31:57.545] [Server thread/WARN] [net.minecraft.world.level.entity.PersistentEntitySectionManager/]: UUID of added entity already exists: EntityDragonPart['Dragon Part'/17480, l='ServerLevel[world]', x=1166.79, y=-0.19, z=-1118.90]
[08Apr2025 00:31:57.597] [Server thread/WARN] [net.minecraft.world.level.entity.PersistentEntitySectionManager/]: UUID of added entity already exists: EntityDragonPart['Dragon Part'/17480, l='ServerLevel[world]', x=1166.79, y=-0.19, z=-1118.90]
